{"/Users/teja/Downloads/up/backend/src/config/hooks.js": {"path":"/Users/teja/Downloads/up/backend/src/config/hooks.js","statementMap":{"0":{"start":{"line":3,"column":4},"end":{"line":3,"column":17}},"1":{"start":{"line":4,"column":4},"end":{"line":4,"column":27}},"2":{"start":{"line":9,"column":18},"end":{"line":9,"column":78}},"3":{"start":{"line":10,"column":4},"end":{"line":16,"column":5}},"4":{"start":{"line":11,"column":19},"end":{"line":11,"column":91}},"5":{"start":{"line":12,"column":6},"end":{"line":14,"column":7}},"6":{"start":{"line":12,"column":19},"end":{"line":12,"column":20}},"7":{"start":{"line":13,"column":8},"end":{"line":13,"column":33}},"8":{"start":{"line":15,"column":6},"end":{"line":15,"column":44}},"9":{"start":{"line":20,"column":17},"end":{"line":26,"column":12}},"10":{"start":{"line":27,"column":4},"end":{"line":27,"column":42}},"11":{"start":{"line":31,"column":4},"end":{"line":35,"column":31}},"12":{"start":{"line":36,"column":4},"end":{"line":36,"column":41}},"13":{"start":{"line":40,"column":4},"end":{"line":44,"column":23}},"14":{"start":{"line":45,"column":4},"end":{"line":45,"column":29}},"15":{"start":{"line":49,"column":4},"end":{"line":49,"column":81}},"16":{"start":{"line":53,"column":19},"end":{"line":53,"column":106}},"17":{"start":{"line":54,"column":4},"end":{"line":54,"column":24}},"18":{"start":{"line":58,"column":0},"end":{"line":58,"column":29}}},"fnMap":{"0":{"name":"(anonymous_0)","decl":{"start":{"line":2,"column":2},"end":{"line":2,"column":3}},"loc":{"start":{"line":2,"column":18},"end":{"line":5,"column":3}},"line":2},"1":{"name":"(anonymous_1)","decl":{"start":{"line":7,"column":2},"end":{"line":7,"column":3}},"loc":{"start":{"line":7,"column":20},"end":{"line":17,"column":3}},"line":7},"2":{"name":"(anonymous_2)","decl":{"start":{"line":19,"column":2},"end":{"line":19,"column":3}},"loc":{"start":{"line":19,"column":25},"end":{"line":28,"column":3}},"line":19},"3":{"name":"(anonymous_3)","decl":{"start":{"line":30,"column":2},"end":{"line":30,"column":3}},"loc":{"start":{"line":30,"column":33},"end":{"line":37,"column":3}},"line":30},"4":{"name":"(anonymous_4)","decl":{"start":{"line":39,"column":2},"end":{"line":39,"column":3}},"loc":{"start":{"line":39,"column":26},"end":{"line":46,"column":3}},"line":39},"5":{"name":"(anonymous_5)","decl":{"start":{"line":48,"column":2},"end":{"line":48,"column":3}},"loc":{"start":{"line":48,"column":18},"end":{"line":50,"column":3}},"line":48},"6":{"name":"(anonymous_6)","decl":{"start":{"line":52,"column":2},"end":{"line":52,"column":3}},"loc":{"start":{"line":52,"column":27},"end":{"line":55,"column":3}},"line":52}},"branchMap":{"0":{"loc":{"start":{"line":10,"column":4},"end":{"line":16,"column":5}},"type":"if","locations":[{"start":{"line":10,"column":4},"end":{"line":16,"column":5}},{"start":{},"end":{}}],"line":10},"1":{"loc":{"start":{"line":27,"column":11},"end":{"line":27,"column":41}},"type":"cond-expr","locations":[{"start":{"line":27,"column":18},"end":{"line":27,"column":34}},{"start":{"line":27,"column":37},"end":{"line":27,"column":41}}],"line":27}},"s":{"0":0,"1":0,"2":0,"3":0,"4":0,"5":0,"6":0,"7":0,"8":0,"9":0,"10":0,"11":0,"12":0,"13":0,"14":0,"15":0,"16":0,"17":0,"18":0},"f":{"0":0,"1":0,"2":0,"3":0,"4":0,"5":0,"6":0},"b":{"0":[0,0],"1":[0,0]}}
,"/Users/teja/Downloads/up/backend/src/middleware/validation.js": {"path":"/Users/teja/Downloads/up/backend/src/middleware/validation.js","statementMap":{"0":{"start":{"line":5,"column":49},"end":{"line":5,"column":77}},"1":{"start":{"line":11,"column":17},"end":{"line":24,"column":1}},"2":{"start":{"line":12,"column":17},"end":{"line":12,"column":38}},"3":{"start":{"line":13,"column":2},"end":{"line":22,"column":3}},"4":{"start":{"line":14,"column":4},"end":{"line":21,"column":7}},"5":{"start":{"line":17,"column":41},"end":{"line":20,"column":7}},"6":{"start":{"line":23,"column":2},"end":{"line":23,"column":9}},"7":{"start":{"line":33,"column":23},"end":{"line":34,"column":40}},"8":{"start":{"line":34,"column":2},"end":{"line":34,"column":40}},"9":{"start":{"line":39,"column":23},"end":{"line":44,"column":85}},"10":{"start":{"line":40,"column":2},"end":{"line":44,"column":85}},"11":{"start":{"line":49,"column":23},"end":{"line":54,"column":70}},"12":{"start":{"line":50,"column":2},"end":{"line":54,"column":70}},"13":{"start":{"line":59,"column":19},"end":{"line":62,"column":12}},"14":{"start":{"line":60,"column":2},"end":{"line":62,"column":12}},"15":{"start":{"line":67,"column":27},"end":{"line":76,"column":1}},"16":{"start":{"line":82,"column":26},"end":{"line":142,"column":1}},"17":{"start":{"line":148,"column":28},"end":{"line":253,"column":1}},"18":{"start":{"line":213,"column":6},"end":{"line":215,"column":7}},"19":{"start":{"line":214,"column":8},"end":{"line":214,"column":66}},"20":{"start":{"line":216,"column":6},"end":{"line":216,"column":18}},"21":{"start":{"line":259,"column":25},"end":{"line":415,"column":1}},"22":{"start":{"line":421,"column":26},"end":{"line":499,"column":1}},"23":{"start":{"line":505,"column":26},"end":{"line":553,"column":1}},"24":{"start":{"line":559,"column":23},"end":{"line":588,"column":1}},"25":{"start":{"line":594,"column":0},"end":{"line":607,"column":2}}},"fnMap":{"0":{"name":"(anonymous_0)","decl":{"start":{"line":11,"column":17},"end":{"line":11,"column":18}},"loc":{"start":{"line":11,"column":37},"end":{"line":24,"column":1}},"line":11},"1":{"name":"(anonymous_1)","decl":{"start":{"line":17,"column":33},"end":{"line":17,"column":34}},"loc":{"start":{"line":17,"column":41},"end":{"line":20,"column":7}},"line":17},"2":{"name":"(anonymous_2)","decl":{"start":{"line":33,"column":23},"end":{"line":33,"column":24}},"loc":{"start":{"line":34,"column":2},"end":{"line":34,"column":40}},"line":34},"3":{"name":"(anonymous_3)","decl":{"start":{"line":39,"column":23},"end":{"line":39,"column":24}},"loc":{"start":{"line":40,"column":2},"end":{"line":44,"column":85}},"line":40},"4":{"name":"(anonymous_4)","decl":{"start":{"line":49,"column":23},"end":{"line":49,"column":24}},"loc":{"start":{"line":50,"column":2},"end":{"line":54,"column":70}},"line":50},"5":{"name":"(anonymous_5)","decl":{"start":{"line":59,"column":19},"end":{"line":59,"column":20}},"loc":{"start":{"line":60,"column":2},"end":{"line":62,"column":12}},"line":60},"6":{"name":"(anonymous_6)","decl":{"start":{"line":212,"column":18},"end":{"line":212,"column":19}},"loc":{"start":{"line":212,"column":38},"end":{"line":217,"column":5}},"line":212}},"branchMap":{"0":{"loc":{"start":{"line":13,"column":2},"end":{"line":22,"column":3}},"type":"if","locations":[{"start":{"line":13,"column":2},"end":{"line":22,"column":3}},{"start":{},"end":{}}],"line":13},"1":{"loc":{"start":{"line":39,"column":31},"end":{"line":39,"column":44}},"type":"default-arg","locations":[{"start":{"line":39,"column":43},"end":{"line":39,"column":44}}],"line":39},"2":{"loc":{"start":{"line":39,"column":46},"end":{"line":39,"column":61}},"type":"default-arg","locations":[{"start":{"line":39,"column":58},"end":{"line":39,"column":61}}],"line":39},"3":{"loc":{"start":{"line":49,"column":31},"end":{"line":49,"column":46}},"type":"default-arg","locations":[{"start":{"line":49,"column":43},"end":{"line":49,"column":46}}],"line":49},"4":{"loc":{"start":{"line":59,"column":20},"end":{"line":59,"column":36}},"type":"default-arg","locations":[{"start":{"line":59,"column":32},"end":{"line":59,"column":36}}],"line":59},"5":{"loc":{"start":{"line":213,"column":6},"end":{"line":215,"column":7}},"type":"if","locations":[{"start":{"line":213,"column":6},"end":{"line":215,"column":7}},{"start":{},"end":{}}],"line":213},"6":{"loc":{"start":{"line":213,"column":10},"end":{"line":213,"column":49}},"type":"binary-expr","locations":[{"start":{"line":213,"column":10},"end":{"line":213,"column":26}},{"start":{"line":213,"column":30},"end":{"line":213,"column":49}}],"line":213}},"s":{"0":6,"1":6,"2":73,"3":73,"4":27,"5":46,"6":46,"7":6,"8":0,"9":6,"10":0,"11":6,"12":0,"13":6,"14":0,"15":6,"16":6,"17":6,"18":2,"19":1,"20":1,"21":6,"22":6,"23":6,"24":6,"25":6},"f":{"0":73,"1":46,"2":0,"3":0,"4":0,"5":0,"6":2},"b":{"0":[27,46],"1":[0],"2":[0],"3":[0],"4":[0],"5":[1,1],"6":[2,1]},"_coverageSchema":"1a1c01bbd47fc00a2c39e90264f33305004495a9","hash":"45e825f0e4003451e3430461037adeb88e843bb4"}
,"/Users/teja/Downloads/up/backend/src/routes/drivers.js": {"path":"/Users/teja/Downloads/up/backend/src/routes/drivers.js","statementMap":{"0":{"start":{"line":7,"column":16},"end":{"line":7,"column":34}},"1":{"start":{"line":8,"column":15},"end":{"line":8,"column":31}},"2":{"start":{"line":9,"column":15},"end":{"line":9,"column":34}},"3":{"start":{"line":10,"column":57},"end":{"line":10,"column":92}},"4":{"start":{"line":13,"column":22},"end":{"line":13,"column":24}},"5":{"start":{"line":21,"column":2},"end":{"line":21,"column":50}},"6":{"start":{"line":32,"column":2},"end":{"line":36,"column":3}},"7":{"start":{"line":33,"column":19},"end":{"line":33,"column":36}},"8":{"start":{"line":34,"column":23},"end":{"line":34,"column":81}},"9":{"start":{"line":35,"column":4},"end":{"line":35,"column":31}},"10":{"start":{"line":38,"column":2},"end":{"line":38,"column":44}},"11":{"start":{"line":47,"column":2},"end":{"line":47,"column":65}},"12":{"start":{"line":58,"column":0},"end":{"line":128,"column":3}},"13":{"start":{"line":59,"column":13},"end":{"line":59,"column":30}},"14":{"start":{"line":70,"column":6},"end":{"line":70,"column":14}},"15":{"start":{"line":72,"column":2},"end":{"line":127,"column":3}},"16":{"start":{"line":74,"column":27},"end":{"line":76,"column":19}},"17":{"start":{"line":78,"column":4},"end":{"line":83,"column":5}},"18":{"start":{"line":79,"column":6},"end":{"line":82,"column":9}},"19":{"start":{"line":86,"column":27},"end":{"line":86,"column":49}},"20":{"start":{"line":87,"column":16},"end":{"line":87,"column":40}},"21":{"start":{"line":90,"column":17},"end":{"line":96,"column":6}},"22":{"start":{"line":98,"column":19},"end":{"line":110,"column":5}},"23":{"start":{"line":112,"column":4},"end":{"line":112,"column":84}},"24":{"start":{"line":114,"column":4},"end":{"line":118,"column":7}},"25":{"start":{"line":121,"column":4},"end":{"line":121,"column":55}},"26":{"start":{"line":122,"column":4},"end":{"line":126,"column":7}},"27":{"start":{"line":134,"column":0},"end":{"line":213,"column":3}},"28":{"start":{"line":135,"column":13},"end":{"line":135,"column":30}},"29":{"start":{"line":136,"column":33},"end":{"line":136,"column":41}},"30":{"start":{"line":138,"column":2},"end":{"line":212,"column":3}},"31":{"start":{"line":140,"column":19},"end":{"line":144,"column":20}},"32":{"start":{"line":146,"column":4},"end":{"line":151,"column":5}},"33":{"start":{"line":147,"column":6},"end":{"line":150,"column":9}},"34":{"start":{"line":154,"column":4},"end":{"line":159,"column":5}},"35":{"start":{"line":155,"column":6},"end":{"line":158,"column":9}},"36":{"start":{"line":162,"column":4},"end":{"line":167,"column":5}},"37":{"start":{"line":163,"column":6},"end":{"line":166,"column":9}},"38":{"start":{"line":170,"column":4},"end":{"line":174,"column":5}},"39":{"start":{"line":171,"column":22},"end":{"line":171,"column":44}},"40":{"start":{"line":172,"column":6},"end":{"line":172,"column":89}},"41":{"start":{"line":173,"column":6},"end":{"line":173,"column":81}},"42":{"start":{"line":177,"column":16},"end":{"line":177,"column":40}},"43":{"start":{"line":178,"column":4},"end":{"line":179,"column":37}},"44":{"start":{"line":182,"column":15},"end":{"line":182,"column":32}},"45":{"start":{"line":183,"column":4},"end":{"line":189,"column":5}},"46":{"start":{"line":184,"column":6},"end":{"line":188,"column":9}},"47":{"start":{"line":191,"column":4},"end":{"line":191,"column":77}},"48":{"start":{"line":193,"column":4},"end":{"line":203,"column":7}},"49":{"start":{"line":206,"column":4},"end":{"line":206,"column":48}},"50":{"start":{"line":207,"column":4},"end":{"line":211,"column":7}},"51":{"start":{"line":219,"column":0},"end":{"line":255,"column":3}},"52":{"start":{"line":220,"column":13},"end":{"line":220,"column":30}},"53":{"start":{"line":221,"column":23},"end":{"line":221,"column":31}},"54":{"start":{"line":223,"column":2},"end":{"line":254,"column":3}},"55":{"start":{"line":224,"column":19},"end":{"line":225,"column":31}},"56":{"start":{"line":227,"column":4},"end":{"line":232,"column":5}},"57":{"start":{"line":228,"column":6},"end":{"line":231,"column":9}},"58":{"start":{"line":235,"column":15},"end":{"line":235,"column":32}},"59":{"start":{"line":236,"column":4},"end":{"line":238,"column":5}},"60":{"start":{"line":237,"column":6},"end":{"line":237,"column":70}},"61":{"start":{"line":240,"column":4},"end":{"line":240,"column":55}},"62":{"start":{"line":242,"column":4},"end":{"line":245,"column":7}},"63":{"start":{"line":248,"column":4},"end":{"line":248,"column":49}},"64":{"start":{"line":249,"column":4},"end":{"line":253,"column":7}},"65":{"start":{"line":261,"column":0},"end":{"line":304,"column":3}},"66":{"start":{"line":262,"column":13},"end":{"line":262,"column":30}},"67":{"start":{"line":263,"column":17},"end":{"line":263,"column":27}},"68":{"start":{"line":264,"column":43},"end":{"line":264,"column":51}},"69":{"start":{"line":266,"column":2},"end":{"line":303,"column":3}},"70":{"start":{"line":268,"column":19},"end":{"line":268,"column":82}},"71":{"start":{"line":270,"column":4},"end":{"line":275,"column":5}},"72":{"start":{"line":271,"column":6},"end":{"line":274,"column":9}},"73":{"start":{"line":278,"column":4},"end":{"line":283,"column":5}},"74":{"start":{"line":279,"column":6},"end":{"line":282,"column":9}},"75":{"start":{"line":286,"column":20},"end":{"line":286,"column":45}},"76":{"start":{"line":287,"column":4},"end":{"line":287,"column":80}},"77":{"start":{"line":289,"column":4},"end":{"line":289,"column":56}},"78":{"start":{"line":291,"column":4},"end":{"line":294,"column":7}},"79":{"start":{"line":297,"column":4},"end":{"line":297,"column":51}},"80":{"start":{"line":298,"column":4},"end":{"line":302,"column":7}},"81":{"start":{"line":310,"column":0},"end":{"line":344,"column":3}},"82":{"start":{"line":311,"column":13},"end":{"line":311,"column":30}},"83":{"start":{"line":312,"column":17},"end":{"line":312,"column":27}},"84":{"start":{"line":313,"column":26},"end":{"line":313,"column":34}},"85":{"start":{"line":315,"column":2},"end":{"line":343,"column":3}},"86":{"start":{"line":316,"column":19},"end":{"line":316,"column":86}},"87":{"start":{"line":318,"column":4},"end":{"line":323,"column":5}},"88":{"start":{"line":319,"column":6},"end":{"line":322,"column":9}},"89":{"start":{"line":326,"column":20},"end":{"line":326,"column":45}},"90":{"start":{"line":327,"column":4},"end":{"line":327,"column":80}},"91":{"start":{"line":329,"column":4},"end":{"line":329,"column":75}},"92":{"start":{"line":331,"column":4},"end":{"line":334,"column":7}},"93":{"start":{"line":337,"column":4},"end":{"line":337,"column":50}},"94":{"start":{"line":338,"column":4},"end":{"line":342,"column":7}},"95":{"start":{"line":354,"column":0},"end":{"line":376,"column":3}},"96":{"start":{"line":355,"column":13},"end":{"line":355,"column":30}},"97":{"start":{"line":357,"column":2},"end":{"line":375,"column":3}},"98":{"start":{"line":358,"column":20},"end":{"line":364,"column":12}},"99":{"start":{"line":366,"column":4},"end":{"line":366,"column":41}},"100":{"start":{"line":369,"column":4},"end":{"line":369,"column":47}},"101":{"start":{"line":370,"column":4},"end":{"line":374,"column":7}},"102":{"start":{"line":382,"column":0},"end":{"line":403,"column":3}},"103":{"start":{"line":383,"column":13},"end":{"line":383,"column":30}},"104":{"start":{"line":385,"column":2},"end":{"line":402,"column":3}},"105":{"start":{"line":386,"column":20},"end":{"line":391,"column":12}},"106":{"start":{"line":393,"column":4},"end":{"line":393,"column":64}},"107":{"start":{"line":396,"column":4},"end":{"line":396,"column":54}},"108":{"start":{"line":397,"column":4},"end":{"line":401,"column":7}},"109":{"start":{"line":409,"column":0},"end":{"line":447,"column":3}},"110":{"start":{"line":410,"column":13},"end":{"line":410,"column":30}},"111":{"start":{"line":411,"column":17},"end":{"line":411,"column":27}},"112":{"start":{"line":414,"column":2},"end":{"line":419,"column":3}},"113":{"start":{"line":415,"column":4},"end":{"line":418,"column":7}},"114":{"start":{"line":421,"column":2},"end":{"line":446,"column":3}},"115":{"start":{"line":422,"column":19},"end":{"line":428,"column":14}},"116":{"start":{"line":430,"column":4},"end":{"line":435,"column":5}},"117":{"start":{"line":431,"column":6},"end":{"line":434,"column":9}},"118":{"start":{"line":437,"column":4},"end":{"line":437,"column":40}},"119":{"start":{"line":440,"column":4},"end":{"line":440,"column":46}},"120":{"start":{"line":441,"column":4},"end":{"line":445,"column":7}},"121":{"start":{"line":453,"column":0},"end":{"line":517,"column":3}},"122":{"start":{"line":454,"column":13},"end":{"line":454,"column":30}},"123":{"start":{"line":455,"column":17},"end":{"line":455,"column":27}},"124":{"start":{"line":465,"column":6},"end":{"line":465,"column":14}},"125":{"start":{"line":467,"column":2},"end":{"line":516,"column":3}},"126":{"start":{"line":469,"column":21},"end":{"line":469,"column":78}},"127":{"start":{"line":470,"column":4},"end":{"line":475,"column":5}},"128":{"start":{"line":471,"column":6},"end":{"line":474,"column":9}},"129":{"start":{"line":477,"column":17},"end":{"line":488,"column":6}},"130":{"start":{"line":490,"column":4},"end":{"line":500,"column":6}},"131":{"start":{"line":502,"column":4},"end":{"line":502,"column":46}},"132":{"start":{"line":504,"column":4},"end":{"line":507,"column":7}},"133":{"start":{"line":510,"column":4},"end":{"line":510,"column":49}},"134":{"start":{"line":511,"column":4},"end":{"line":515,"column":7}},"135":{"start":{"line":523,"column":0},"end":{"line":577,"column":3}},"136":{"start":{"line":524,"column":13},"end":{"line":524,"column":30}},"137":{"start":{"line":525,"column":17},"end":{"line":525,"column":27}},"138":{"start":{"line":527,"column":2},"end":{"line":576,"column":3}},"139":{"start":{"line":529,"column":24},"end":{"line":534,"column":14}},"140":{"start":{"line":536,"column":4},"end":{"line":541,"column":5}},"141":{"start":{"line":537,"column":6},"end":{"line":540,"column":9}},"142":{"start":{"line":544,"column":19},"end":{"line":544,"column":82}},"143":{"start":{"line":547,"column":4},"end":{"line":551,"column":15}},"144":{"start":{"line":554,"column":19},"end":{"line":554,"column":73}},"145":{"start":{"line":556,"column":4},"end":{"line":561,"column":5}},"146":{"start":{"line":557,"column":6},"end":{"line":560,"column":9}},"147":{"start":{"line":563,"column":4},"end":{"line":563,"column":63}},"148":{"start":{"line":565,"column":4},"end":{"line":568,"column":7}},"149":{"start":{"line":571,"column":4},"end":{"line":571,"column":49}},"150":{"start":{"line":572,"column":4},"end":{"line":575,"column":7}},"151":{"start":{"line":587,"column":0},"end":{"line":674,"column":3}},"152":{"start":{"line":588,"column":13},"end":{"line":588,"column":30}},"153":{"start":{"line":589,"column":17},"end":{"line":589,"column":27}},"154":{"start":{"line":591,"column":2},"end":{"line":673,"column":3}},"155":{"start":{"line":592,"column":18},"end":{"line":592,"column":56}},"156":{"start":{"line":595,"column":27},"end":{"line":601,"column":21}},"157":{"start":{"line":604,"column":22},"end":{"line":610,"column":21}},"158":{"start":{"line":613,"column":24},"end":{"line":617,"column":12}},"159":{"start":{"line":620,"column":26},"end":{"line":625,"column":14}},"160":{"start":{"line":628,"column":20},"end":{"line":633,"column":14}},"161":{"start":{"line":636,"column":20},"end":{"line":644,"column":14}},"162":{"start":{"line":646,"column":4},"end":{"line":664,"column":7}},"163":{"start":{"line":667,"column":4},"end":{"line":667,"column":52}},"164":{"start":{"line":668,"column":4},"end":{"line":672,"column":7}},"165":{"start":{"line":680,"column":0},"end":{"line":727,"column":3}},"166":{"start":{"line":681,"column":13},"end":{"line":681,"column":30}},"167":{"start":{"line":682,"column":17},"end":{"line":682,"column":27}},"168":{"start":{"line":683,"column":37},"end":{"line":683,"column":46}},"169":{"start":{"line":685,"column":2},"end":{"line":726,"column":3}},"170":{"start":{"line":686,"column":20},"end":{"line":703,"column":49}},"171":{"start":{"line":705,"column":18},"end":{"line":709,"column":14}},"172":{"start":{"line":711,"column":4},"end":{"line":717,"column":7}},"173":{"start":{"line":720,"column":4},"end":{"line":720,"column":54}},"174":{"start":{"line":721,"column":4},"end":{"line":725,"column":7}},"175":{"start":{"line":729,"column":0},"end":{"line":729,"column":24}}},"fnMap":{"0":{"name":"hashPassword","decl":{"start":{"line":20,"column":9},"end":{"line":20,"column":21}},"loc":{"start":{"line":20,"column":32},"end":{"line":22,"column":1}},"line":20},"1":{"name":"verifyPassword","decl":{"start":{"line":30,"column":9},"end":{"line":30,"column":23}},"loc":{"start":{"line":30,"column":40},"end":{"line":39,"column":1}},"line":30},"2":{"name":"isLegacyHash","decl":{"start":{"line":46,"column":9},"end":{"line":46,"column":21}},"loc":{"start":{"line":46,"column":28},"end":{"line":48,"column":1}},"line":46},"3":{"name":"(anonymous_3)","decl":{"start":{"line":58,"column":44},"end":{"line":58,"column":45}},"loc":{"start":{"line":58,"column":58},"end":{"line":128,"column":1}},"line":58},"4":{"name":"(anonymous_4)","decl":{"start":{"line":134,"column":46},"end":{"line":134,"column":47}},"loc":{"start":{"line":134,"column":60},"end":{"line":213,"column":1}},"line":134},"5":{"name":"(anonymous_5)","decl":{"start":{"line":219,"column":48},"end":{"line":219,"column":49}},"loc":{"start":{"line":219,"column":62},"end":{"line":255,"column":1}},"line":219},"6":{"name":"(anonymous_6)","decl":{"start":{"line":261,"column":69},"end":{"line":261,"column":70}},"loc":{"start":{"line":261,"column":83},"end":{"line":304,"column":1}},"line":261},"7":{"name":"(anonymous_7)","decl":{"start":{"line":310,"column":67},"end":{"line":310,"column":68}},"loc":{"start":{"line":310,"column":81},"end":{"line":344,"column":1}},"line":310},"8":{"name":"(anonymous_8)","decl":{"start":{"line":354,"column":16},"end":{"line":354,"column":17}},"loc":{"start":{"line":354,"column":30},"end":{"line":376,"column":1}},"line":354},"9":{"name":"(anonymous_9)","decl":{"start":{"line":382,"column":22},"end":{"line":382,"column":23}},"loc":{"start":{"line":382,"column":36},"end":{"line":403,"column":1}},"line":382},"10":{"name":"(anonymous_10)","decl":{"start":{"line":409,"column":19},"end":{"line":409,"column":20}},"loc":{"start":{"line":409,"column":33},"end":{"line":447,"column":1}},"line":409},"11":{"name":"(anonymous_11)","decl":{"start":{"line":453,"column":44},"end":{"line":453,"column":45}},"loc":{"start":{"line":453,"column":58},"end":{"line":517,"column":1}},"line":453},"12":{"name":"(anonymous_12)","decl":{"start":{"line":523,"column":49},"end":{"line":523,"column":50}},"loc":{"start":{"line":523,"column":63},"end":{"line":577,"column":1}},"line":523},"13":{"name":"(anonymous_13)","decl":{"start":{"line":587,"column":25},"end":{"line":587,"column":26}},"loc":{"start":{"line":587,"column":39},"end":{"line":674,"column":1}},"line":587},"14":{"name":"(anonymous_14)","decl":{"start":{"line":680,"column":27},"end":{"line":680,"column":28}},"loc":{"start":{"line":680,"column":41},"end":{"line":727,"column":1}},"line":680}},"branchMap":{"0":{"loc":{"start":{"line":32,"column":2},"end":{"line":36,"column":3}},"type":"if","locations":[{"start":{"line":32,"column":2},"end":{"line":36,"column":3}},{"start":{},"end":{}}],"line":32},"1":{"loc":{"start":{"line":32,"column":6},"end":{"line":32,"column":61}},"type":"binary-expr","locations":[{"start":{"line":32,"column":6},"end":{"line":32,"column":10}},{"start":{"line":32,"column":14},"end":{"line":32,"column":32}},{"start":{"line":32,"column":36},"end":{"line":32,"column":61}}],"line":32},"2":{"loc":{"start":{"line":47,"column":9},"end":{"line":47,"column":64}},"type":"binary-expr","locations":[{"start":{"line":47,"column":9},"end":{"line":47,"column":13}},{"start":{"line":47,"column":17},"end":{"line":47,"column":35}},{"start":{"line":47,"column":39},"end":{"line":47,"column":64}}],"line":47},"3":{"loc":{"start":{"line":78,"column":4},"end":{"line":83,"column":5}},"type":"if","locations":[{"start":{"line":78,"column":4},"end":{"line":83,"column":5}},{"start":{},"end":{}}],"line":78},"4":{"loc":{"start":{"line":103,"column":6},"end":{"line":103,"column":19}},"type":"binary-expr","locations":[{"start":{"line":103,"column":6},"end":{"line":103,"column":11}},{"start":{"line":103,"column":15},"end":{"line":103,"column":19}}],"line":103},"5":{"loc":{"start":{"line":104,"column":6},"end":{"line":104,"column":27}},"type":"binary-expr","locations":[{"start":{"line":104,"column":6},"end":{"line":104,"column":19}},{"start":{"line":104,"column":23},"end":{"line":104,"column":27}}],"line":104},"6":{"loc":{"start":{"line":105,"column":6},"end":{"line":105,"column":25}},"type":"binary-expr","locations":[{"start":{"line":105,"column":6},"end":{"line":105,"column":17}},{"start":{"line":105,"column":21},"end":{"line":105,"column":25}}],"line":105},"7":{"loc":{"start":{"line":106,"column":6},"end":{"line":106,"column":30}},"type":"binary-expr","locations":[{"start":{"line":106,"column":6},"end":{"line":106,"column":22}},{"start":{"line":106,"column":26},"end":{"line":106,"column":30}}],"line":106},"8":{"loc":{"start":{"line":107,"column":6},"end":{"line":107,"column":28}},"type":"binary-expr","locations":[{"start":{"line":107,"column":6},"end":{"line":107,"column":20}},{"start":{"line":107,"column":24},"end":{"line":107,"column":28}}],"line":107},"9":{"loc":{"start":{"line":146,"column":4},"end":{"line":151,"column":5}},"type":"if","locations":[{"start":{"line":146,"column":4},"end":{"line":151,"column":5}},{"start":{},"end":{}}],"line":146},"10":{"loc":{"start":{"line":154,"column":4},"end":{"line":159,"column":5}},"type":"if","locations":[{"start":{"line":154,"column":4},"end":{"line":159,"column":5}},{"start":{},"end":{}}],"line":154},"11":{"loc":{"start":{"line":162,"column":4},"end":{"line":167,"column":5}},"type":"if","locations":[{"start":{"line":162,"column":4},"end":{"line":167,"column":5}},{"start":{},"end":{}}],"line":162},"12":{"loc":{"start":{"line":162,"column":8},"end":{"line":162,"column":69}},"type":"binary-expr","locations":[{"start":{"line":162,"column":8},"end":{"line":162,"column":37}},{"start":{"line":162,"column":41},"end":{"line":162,"column":69}}],"line":162},"13":{"loc":{"start":{"line":170,"column":4},"end":{"line":174,"column":5}},"type":"if","locations":[{"start":{"line":170,"column":4},"end":{"line":174,"column":5}},{"start":{},"end":{}}],"line":170},"14":{"loc":{"start":{"line":183,"column":4},"end":{"line":189,"column":5}},"type":"if","locations":[{"start":{"line":183,"column":4},"end":{"line":189,"column":5}},{"start":{},"end":{}}],"line":183},"15":{"loc":{"start":{"line":227,"column":4},"end":{"line":232,"column":5}},"type":"if","locations":[{"start":{"line":227,"column":4},"end":{"line":232,"column":5}},{"start":{},"end":{}}],"line":227},"16":{"loc":{"start":{"line":236,"column":4},"end":{"line":238,"column":5}},"type":"if","locations":[{"start":{"line":236,"column":4},"end":{"line":238,"column":5}},{"start":{},"end":{}}],"line":236},"17":{"loc":{"start":{"line":270,"column":4},"end":{"line":275,"column":5}},"type":"if","locations":[{"start":{"line":270,"column":4},"end":{"line":275,"column":5}},{"start":{},"end":{}}],"line":270},"18":{"loc":{"start":{"line":278,"column":4},"end":{"line":283,"column":5}},"type":"if","locations":[{"start":{"line":278,"column":4},"end":{"line":283,"column":5}},{"start":{},"end":{}}],"line":278},"19":{"loc":{"start":{"line":318,"column":4},"end":{"line":323,"column":5}},"type":"if","locations":[{"start":{"line":318,"column":4},"end":{"line":323,"column":5}},{"start":{},"end":{}}],"line":318},"20":{"loc":{"start":{"line":414,"column":2},"end":{"line":419,"column":3}},"type":"if","locations":[{"start":{"line":414,"column":2},"end":{"line":419,"column":3}},{"start":{},"end":{}}],"line":414},"21":{"loc":{"start":{"line":430,"column":4},"end":{"line":435,"column":5}},"type":"if","locations":[{"start":{"line":430,"column":4},"end":{"line":435,"column":5}},{"start":{},"end":{}}],"line":430},"22":{"loc":{"start":{"line":470,"column":4},"end":{"line":475,"column":5}},"type":"if","locations":[{"start":{"line":470,"column":4},"end":{"line":475,"column":5}},{"start":{},"end":{}}],"line":470},"23":{"loc":{"start":{"line":491,"column":6},"end":{"line":491,"column":22}},"type":"binary-expr","locations":[{"start":{"line":491,"column":6},"end":{"line":491,"column":14}},{"start":{"line":491,"column":18},"end":{"line":491,"column":22}}],"line":491},"24":{"loc":{"start":{"line":492,"column":6},"end":{"line":492,"column":19}},"type":"binary-expr","locations":[{"start":{"line":492,"column":6},"end":{"line":492,"column":11}},{"start":{"line":492,"column":15},"end":{"line":492,"column":19}}],"line":492},"25":{"loc":{"start":{"line":493,"column":6},"end":{"line":493,"column":19}},"type":"binary-expr","locations":[{"start":{"line":493,"column":6},"end":{"line":493,"column":11}},{"start":{"line":493,"column":15},"end":{"line":493,"column":19}}],"line":493},"26":{"loc":{"start":{"line":494,"column":6},"end":{"line":494,"column":27}},"type":"binary-expr","locations":[{"start":{"line":494,"column":6},"end":{"line":494,"column":19}},{"start":{"line":494,"column":23},"end":{"line":494,"column":27}}],"line":494},"27":{"loc":{"start":{"line":495,"column":6},"end":{"line":495,"column":25}},"type":"binary-expr","locations":[{"start":{"line":495,"column":6},"end":{"line":495,"column":17}},{"start":{"line":495,"column":21},"end":{"line":495,"column":25}}],"line":495},"28":{"loc":{"start":{"line":496,"column":6},"end":{"line":496,"column":30}},"type":"binary-expr","locations":[{"start":{"line":496,"column":6},"end":{"line":496,"column":22}},{"start":{"line":496,"column":26},"end":{"line":496,"column":30}}],"line":496},"29":{"loc":{"start":{"line":497,"column":6},"end":{"line":497,"column":28}},"type":"binary-expr","locations":[{"start":{"line":497,"column":6},"end":{"line":497,"column":20}},{"start":{"line":497,"column":24},"end":{"line":497,"column":28}}],"line":497},"30":{"loc":{"start":{"line":498,"column":6},"end":{"line":498,"column":20}},"type":"binary-expr","locations":[{"start":{"line":498,"column":6},"end":{"line":498,"column":12}},{"start":{"line":498,"column":16},"end":{"line":498,"column":20}}],"line":498},"31":{"loc":{"start":{"line":536,"column":4},"end":{"line":541,"column":5}},"type":"if","locations":[{"start":{"line":536,"column":4},"end":{"line":541,"column":5}},{"start":{},"end":{}}],"line":536},"32":{"loc":{"start":{"line":556,"column":4},"end":{"line":561,"column":5}},"type":"if","locations":[{"start":{"line":556,"column":4},"end":{"line":561,"column":5}},{"start":{},"end":{}}],"line":556},"33":{"loc":{"start":{"line":563,"column":37},"end":{"line":563,"column":59}},"type":"binary-expr","locations":[{"start":{"line":563,"column":37},"end":{"line":563,"column":53}},{"start":{"line":563,"column":57},"end":{"line":563,"column":59}}],"line":563},"34":{"loc":{"start":{"line":650,"column":26},"end":{"line":650,"column":52}},"type":"binary-expr","locations":[{"start":{"line":650,"column":26},"end":{"line":650,"column":47}},{"start":{"line":650,"column":51},"end":{"line":650,"column":52}}],"line":650},"35":{"loc":{"start":{"line":651,"column":21},"end":{"line":651,"column":42}},"type":"binary-expr","locations":[{"start":{"line":651,"column":21},"end":{"line":651,"column":37}},{"start":{"line":651,"column":41},"end":{"line":651,"column":42}}],"line":651},"36":{"loc":{"start":{"line":654,"column":23},"end":{"line":654,"column":46}},"type":"binary-expr","locations":[{"start":{"line":654,"column":23},"end":{"line":654,"column":41}},{"start":{"line":654,"column":45},"end":{"line":654,"column":46}}],"line":654},"37":{"loc":{"start":{"line":655,"column":25},"end":{"line":655,"column":50}},"type":"binary-expr","locations":[{"start":{"line":655,"column":25},"end":{"line":655,"column":45}},{"start":{"line":655,"column":49},"end":{"line":655,"column":50}}],"line":655},"38":{"loc":{"start":{"line":658,"column":26},"end":{"line":658,"column":45}},"type":"binary-expr","locations":[{"start":{"line":658,"column":26},"end":{"line":658,"column":40}},{"start":{"line":658,"column":44},"end":{"line":658,"column":45}}],"line":658},"39":{"loc":{"start":{"line":659,"column":21},"end":{"line":659,"column":39}},"type":"binary-expr","locations":[{"start":{"line":659,"column":21},"end":{"line":659,"column":34}},{"start":{"line":659,"column":38},"end":{"line":659,"column":39}}],"line":659},"40":{"loc":{"start":{"line":660,"column":32},"end":{"line":660,"column":90}},"type":"cond-expr","locations":[{"start":{"line":660,"column":55},"end":{"line":660,"column":86}},{"start":{"line":660,"column":89},"end":{"line":660,"column":90}}],"line":660},"41":{"loc":{"start":{"line":683,"column":10},"end":{"line":683,"column":20}},"type":"default-arg","locations":[{"start":{"line":683,"column":18},"end":{"line":683,"column":20}}],"line":683},"42":{"loc":{"start":{"line":683,"column":22},"end":{"line":683,"column":32}},"type":"default-arg","locations":[{"start":{"line":683,"column":31},"end":{"line":683,"column":32}}],"line":683},"43":{"loc":{"start":{"line":714,"column":13},"end":{"line":714,"column":30}},"type":"binary-expr","locations":[{"start":{"line":714,"column":13},"end":{"line":714,"column":25}},{"start":{"line":714,"column":29},"end":{"line":714,"column":30}}],"line":714}},"s":{"0":6,"1":6,"2":6,"3":6,"4":6,"5":4,"6":5,"7":0,"8":0,"9":0,"10":5,"11":1,"12":6,"13":3,"14":3,"15":3,"16":3,"17":3,"18":0,"19":3,"20":3,"21":3,"22":3,"23":3,"24":3,"25":0,"26":0,"27":6,"28":4,"29":4,"30":4,"31":4,"32":4,"33":1,"34":3,"35":1,"36":2,"37":1,"38":1,"39":0,"40":0,"41":0,"42":1,"43":1,"44":1,"45":1,"46":1,"47":1,"48":1,"49":0,"50":0,"51":6,"52":1,"53":1,"54":1,"55":1,"56":1,"57":0,"58":1,"59":1,"60":1,"61":1,"62":1,"63":0,"64":0,"65":6,"66":2,"67":2,"68":2,"69":2,"70":2,"71":2,"72":0,"73":2,"74":1,"75":1,"76":1,"77":1,"78":1,"79":0,"80":0,"81":6,"82":0,"83":0,"84":0,"85":0,"86":0,"87":0,"88":0,"89":0,"90":0,"91":0,"92":0,"93":0,"94":0,"95":6,"96":1,"97":1,"98":1,"99":1,"100":0,"101":0,"102":6,"103":0,"104":0,"105":0,"106":0,"107":0,"108":0,"109":6,"110":5,"111":5,"112":5,"113":0,"114":5,"115":5,"116":5,"117":4,"118":1,"119":0,"120":0,"121":6,"122":1,"123":1,"124":1,"125":1,"126":1,"127":1,"128":0,"129":1,"130":1,"131":1,"132":1,"133":0,"134":0,"135":6,"136":1,"137":1,"138":1,"139":1,"140":1,"141":0,"142":1,"143":1,"144":1,"145":1,"146":0,"147":1,"148":1,"149":0,"150":0,"151":6,"152":0,"153":0,"154":0,"155":0,"156":0,"157":0,"158":0,"159":0,"160":0,"161":0,"162":0,"163":0,"164":0,"165":6,"166":0,"167":0,"168":0,"169":0,"170":0,"171":0,"172":0,"173":0,"174":0,"175":6},"f":{"0":4,"1":5,"2":1,"3":3,"4":4,"5":1,"6":2,"7":0,"8":1,"9":0,"10":5,"11":1,"12":1,"13":0,"14":0},"b":{"0":[0,5],"1":[5,5,0],"2":[1,1,0],"3":[0,3],"4":[3,1],"5":[3,3],"6":[3,3],"7":[3,3],"8":[3,3],"9":[1,3],"10":[1,2],"11":[1,1],"12":[2,1],"13":[0,1],"14":[1,0],"15":[0,1],"16":[1,0],"17":[0,2],"18":[1,1],"19":[0,0],"20":[0,5],"21":[4,1],"22":[0,1],"23":[1,0],"24":[1,0],"25":[1,1],"26":[1,1],"27":[1,1],"28":[1,1],"29":[1,1],"30":[1,1],"31":[0,1],"32":[0,1],"33":[1,0],"34":[0,0],"35":[0,0],"36":[0,0],"37":[0,0],"38":[0,0],"39":[0,0],"40":[0,0],"41":[0],"42":[0],"43":[0,0]},"_coverageSchema":"1a1c01bbd47fc00a2c39e90264f33305004495a9","hash":"10da45bc57ced1bb2f4ae8403acb24a251dd1a17"}
,"/Users/teja/Downloads/up/backend/src/routes/hooks.js": {"path":"/Users/teja/Downloads/up/backend/src/routes/hooks.js","statementMap":{"0":{"start":{"line":1,"column":16},"end":{"line":1,"column":34}},"1":{"start":{"line":2,"column":15},"end":{"line":2,"column":31}},"2":{"start":{"line":4,"column":0},"end":{"line":16,"column":3}},"3":{"start":{"line":5,"column":22},"end":{"line":5,"column":48}},"4":{"start":{"line":6,"column":2},"end":{"line":15,"column":3}},"5":{"start":{"line":7,"column":21},"end":{"line":7,"column":55}},"6":{"start":{"line":8,"column":4},"end":{"line":10,"column":5}},"7":{"start":{"line":9,"column":6},"end":{"line":9,"column":85}},"8":{"start":{"line":11,"column":4},"end":{"line":11,"column":54}},"9":{"start":{"line":13,"column":4},"end":{"line":13,"column":49}},"10":{"start":{"line":14,"column":4},"end":{"line":14,"column":81}},"11":{"start":{"line":18,"column":0},"end":{"line":27,"column":3}},"12":{"start":{"line":19,"column":22},"end":{"line":19,"column":48}},"13":{"start":{"line":20,"column":2},"end":{"line":26,"column":3}},"14":{"start":{"line":21,"column":18},"end":{"line":21,"column":45}},"15":{"start":{"line":22,"column":22},"end":{"line":22,"column":58}},"16":{"start":{"line":23,"column":4},"end":{"line":23,"column":61}},"17":{"start":{"line":25,"column":4},"end":{"line":25,"column":84}},"18":{"start":{"line":29,"column":0},"end":{"line":41,"column":3}},"19":{"start":{"line":30,"column":22},"end":{"line":30,"column":48}},"20":{"start":{"line":31,"column":36},"end":{"line":31,"column":44}},"21":{"start":{"line":32,"column":2},"end":{"line":34,"column":3}},"22":{"start":{"line":33,"column":4},"end":{"line":33,"column":100}},"23":{"start":{"line":35,"column":2},"end":{"line":40,"column":3}},"24":{"start":{"line":36,"column":19},"end":{"line":36,"column":64}},"25":{"start":{"line":37,"column":4},"end":{"line":37,"column":43}},"26":{"start":{"line":39,"column":4},"end":{"line":39,"column":79}},"27":{"start":{"line":43,"column":0},"end":{"line":51,"column":3}},"28":{"start":{"line":44,"column":22},"end":{"line":44,"column":48}},"29":{"start":{"line":45,"column":2},"end":{"line":50,"column":3}},"30":{"start":{"line":46,"column":19},"end":{"line":46,"column":75}},"31":{"start":{"line":47,"column":4},"end":{"line":47,"column":43}},"32":{"start":{"line":49,"column":4},"end":{"line":49,"column":80}},"33":{"start":{"line":53,"column":0},"end":{"line":53,"column":24}}},"fnMap":{"0":{"name":"(anonymous_0)","decl":{"start":{"line":4,"column":20},"end":{"line":4,"column":21}},"loc":{"start":{"line":4,"column":34},"end":{"line":16,"column":1}},"line":4},"1":{"name":"(anonymous_1)","decl":{"start":{"line":18,"column":22},"end":{"line":18,"column":23}},"loc":{"start":{"line":18,"column":36},"end":{"line":27,"column":1}},"line":18},"2":{"name":"(anonymous_2)","decl":{"start":{"line":29,"column":23},"end":{"line":29,"column":24}},"loc":{"start":{"line":29,"column":37},"end":{"line":41,"column":1}},"line":29},"3":{"name":"(anonymous_3)","decl":{"start":{"line":43,"column":36},"end":{"line":43,"column":37}},"loc":{"start":{"line":43,"column":50},"end":{"line":51,"column":1}},"line":43}},"branchMap":{"0":{"loc":{"start":{"line":8,"column":4},"end":{"line":10,"column":5}},"type":"if","locations":[{"start":{"line":8,"column":4},"end":{"line":10,"column":5}},{"start":{},"end":{}}],"line":8},"1":{"loc":{"start":{"line":32,"column":2},"end":{"line":34,"column":3}},"type":"if","locations":[{"start":{"line":32,"column":2},"end":{"line":34,"column":3}},{"start":{},"end":{}}],"line":32},"2":{"loc":{"start":{"line":32,"column":6},"end":{"line":32,"column":31}},"type":"binary-expr","locations":[{"start":{"line":32,"column":6},"end":{"line":32,"column":17}},{"start":{"line":32,"column":21},"end":{"line":32,"column":31}}],"line":32}},"s":{"0":6,"1":6,"2":6,"3":0,"4":0,"5":0,"6":0,"7":0,"8":0,"9":0,"10":0,"11":6,"12":0,"13":0,"14":0,"15":0,"16":0,"17":0,"18":6,"19":0,"20":0,"21":0,"22":0,"23":0,"24":0,"25":0,"26":0,"27":6,"28":0,"29":0,"30":0,"31":0,"32":0,"33":6},"f":{"0":0,"1":0,"2":0,"3":0},"b":{"0":[0,0],"1":[0,0],"2":[0,0]},"_coverageSchema":"1a1c01bbd47fc00a2c39e90264f33305004495a9","hash":"ba22e22cf39f199ada64d3c227752d43284919c7"}
,"/Users/teja/Downloads/up/backend/src/routes/index.js": {"path":"/Users/teja/Downloads/up/backend/src/routes/index.js","statementMap":{"0":{"start":{"line":5,"column":16},"end":{"line":5,"column":34}},"1":{"start":{"line":6,"column":15},"end":{"line":6,"column":31}},"2":{"start":{"line":9,"column":23},"end":{"line":9,"column":44}},"3":{"start":{"line":10,"column":24},"end":{"line":10,"column":46}},"4":{"start":{"line":11,"column":22},"end":{"line":11,"column":42}},"5":{"start":{"line":12,"column":22},"end":{"line":12,"column":42}},"6":{"start":{"line":13,"column":22},"end":{"line":13,"column":42}},"7":{"start":{"line":14,"column":20},"end":{"line":14,"column":38}},"8":{"start":{"line":20,"column":0},"end":{"line":27,"column":3}},"9":{"start":{"line":21,"column":2},"end":{"line":26,"column":5}},"10":{"start":{"line":33,"column":0},"end":{"line":52,"column":3}},"11":{"start":{"line":34,"column":13},"end":{"line":34,"column":30}},"12":{"start":{"line":35,"column":2},"end":{"line":51,"column":3}},"13":{"start":{"line":36,"column":24},"end":{"line":36,"column":106}},"14":{"start":{"line":37,"column":23},"end":{"line":37,"column":81}},"15":{"start":{"line":38,"column":28},"end":{"line":38,"column":121}},"16":{"start":{"line":39,"column":26},"end":{"line":39,"column":107}},"17":{"start":{"line":41,"column":4},"end":{"line":47,"column":7}},"18":{"start":{"line":49,"column":4},"end":{"line":49,"column":49}},"19":{"start":{"line":50,"column":4},"end":{"line":50,"column":69}},"20":{"start":{"line":58,"column":0},"end":{"line":87,"column":3}},"21":{"start":{"line":59,"column":13},"end":{"line":59,"column":30}},"22":{"start":{"line":60,"column":22},"end":{"line":60,"column":48}},"23":{"start":{"line":62,"column":2},"end":{"line":86,"column":3}},"24":{"start":{"line":63,"column":4},"end":{"line":68,"column":5}},"25":{"start":{"line":64,"column":23},"end":{"line":64,"column":57}},"26":{"start":{"line":65,"column":6},"end":{"line":67,"column":7}},"27":{"start":{"line":66,"column":8},"end":{"line":66,"column":65}},"28":{"start":{"line":71,"column":19},"end":{"line":75,"column":12}},"29":{"start":{"line":77,"column":21},"end":{"line":77,"column":37}},"30":{"start":{"line":79,"column":4},"end":{"line":82,"column":7}},"31":{"start":{"line":84,"column":4},"end":{"line":84,"column":53}},"32":{"start":{"line":85,"column":4},"end":{"line":85,"column":69}},"33":{"start":{"line":90,"column":0},"end":{"line":90,"column":40}},"34":{"start":{"line":91,"column":0},"end":{"line":91,"column":42}},"35":{"start":{"line":92,"column":0},"end":{"line":92,"column":38}},"36":{"start":{"line":93,"column":0},"end":{"line":93,"column":38}},"37":{"start":{"line":94,"column":0},"end":{"line":94,"column":38}},"38":{"start":{"line":95,"column":0},"end":{"line":95,"column":34}},"39":{"start":{"line":103,"column":0},"end":{"line":106,"column":3}},"40":{"start":{"line":104,"column":2},"end":{"line":104,"column":32}},"41":{"start":{"line":105,"column":2},"end":{"line":105,"column":32}},"42":{"start":{"line":109,"column":0},"end":{"line":121,"column":3}},"43":{"start":{"line":110,"column":13},"end":{"line":110,"column":30}},"44":{"start":{"line":111,"column":2},"end":{"line":120,"column":3}},"45":{"start":{"line":112,"column":21},"end":{"line":116,"column":12}},"46":{"start":{"line":117,"column":4},"end":{"line":117,"column":42}},"47":{"start":{"line":119,"column":4},"end":{"line":119,"column":69}},"48":{"start":{"line":124,"column":0},"end":{"line":152,"column":3}},"49":{"start":{"line":125,"column":13},"end":{"line":125,"column":30}},"50":{"start":{"line":126,"column":2},"end":{"line":151,"column":3}},"51":{"start":{"line":127,"column":23},"end":{"line":127,"column":33}},"52":{"start":{"line":128,"column":20},"end":{"line":131,"column":18}},"53":{"start":{"line":133,"column":4},"end":{"line":138,"column":5}},"54":{"start":{"line":134,"column":6},"end":{"line":137,"column":9}},"55":{"start":{"line":140,"column":20},"end":{"line":140,"column":51}},"56":{"start":{"line":141,"column":16},"end":{"line":141,"column":26}},"57":{"start":{"line":142,"column":18},"end":{"line":142,"column":63}},"58":{"start":{"line":143,"column":16},"end":{"line":143,"column":49}},"59":{"start":{"line":145,"column":4},"end":{"line":148,"column":7}},"60":{"start":{"line":150,"column":4},"end":{"line":150,"column":69}},"61":{"start":{"line":155,"column":0},"end":{"line":158,"column":3}},"62":{"start":{"line":156,"column":2},"end":{"line":156,"column":33}},"63":{"start":{"line":157,"column":2},"end":{"line":157,"column":32}},"64":{"start":{"line":161,"column":0},"end":{"line":175,"column":3}},"65":{"start":{"line":162,"column":13},"end":{"line":162,"column":30}},"66":{"start":{"line":163,"column":2},"end":{"line":174,"column":3}},"67":{"start":{"line":164,"column":21},"end":{"line":170,"column":12}},"68":{"start":{"line":171,"column":4},"end":{"line":171,"column":42}},"69":{"start":{"line":173,"column":4},"end":{"line":173,"column":69}},"70":{"start":{"line":178,"column":0},"end":{"line":181,"column":3}},"71":{"start":{"line":179,"column":2},"end":{"line":179,"column":34}},"72":{"start":{"line":180,"column":2},"end":{"line":180,"column":32}},"73":{"start":{"line":184,"column":0},"end":{"line":198,"column":3}},"74":{"start":{"line":185,"column":13},"end":{"line":185,"column":30}},"75":{"start":{"line":186,"column":2},"end":{"line":197,"column":3}},"76":{"start":{"line":187,"column":22},"end":{"line":193,"column":12}},"77":{"start":{"line":194,"column":4},"end":{"line":194,"column":43}},"78":{"start":{"line":196,"column":4},"end":{"line":196,"column":69}},"79":{"start":{"line":201,"column":0},"end":{"line":204,"column":3}},"80":{"start":{"line":202,"column":2},"end":{"line":202,"column":31}},"81":{"start":{"line":203,"column":2},"end":{"line":203,"column":32}},"82":{"start":{"line":207,"column":0},"end":{"line":210,"column":3}},"83":{"start":{"line":208,"column":2},"end":{"line":208,"column":31}},"84":{"start":{"line":209,"column":2},"end":{"line":209,"column":32}},"85":{"start":{"line":213,"column":0},"end":{"line":216,"column":3}},"86":{"start":{"line":214,"column":2},"end":{"line":214,"column":32}},"87":{"start":{"line":215,"column":2},"end":{"line":215,"column":32}},"88":{"start":{"line":219,"column":0},"end":{"line":222,"column":3}},"89":{"start":{"line":220,"column":2},"end":{"line":220,"column":33}},"90":{"start":{"line":221,"column":2},"end":{"line":221,"column":32}},"91":{"start":{"line":225,"column":0},"end":{"line":228,"column":3}},"92":{"start":{"line":226,"column":2},"end":{"line":226,"column":36}},"93":{"start":{"line":227,"column":2},"end":{"line":227,"column":32}},"94":{"start":{"line":231,"column":0},"end":{"line":234,"column":3}},"95":{"start":{"line":232,"column":2},"end":{"line":232,"column":37}},"96":{"start":{"line":233,"column":2},"end":{"line":233,"column":32}},"97":{"start":{"line":237,"column":0},"end":{"line":240,"column":3}},"98":{"start":{"line":239,"column":2},"end":{"line":239,"column":9}},"99":{"start":{"line":243,"column":0},"end":{"line":259,"column":3}},"100":{"start":{"line":244,"column":13},"end":{"line":244,"column":30}},"101":{"start":{"line":245,"column":2},"end":{"line":258,"column":3}},"102":{"start":{"line":246,"column":23},"end":{"line":246,"column":33}},"103":{"start":{"line":247,"column":25},"end":{"line":247,"column":33}},"104":{"start":{"line":249,"column":4},"end":{"line":253,"column":29}},"105":{"start":{"line":255,"column":4},"end":{"line":255,"column":58}},"106":{"start":{"line":257,"column":4},"end":{"line":257,"column":69}},"107":{"start":{"line":262,"column":0},"end":{"line":278,"column":3}},"108":{"start":{"line":263,"column":13},"end":{"line":263,"column":30}},"109":{"start":{"line":264,"column":2},"end":{"line":277,"column":3}},"110":{"start":{"line":265,"column":23},"end":{"line":265,"column":33}},"111":{"start":{"line":266,"column":25},"end":{"line":266,"column":33}},"112":{"start":{"line":268,"column":4},"end":{"line":272,"column":29}},"113":{"start":{"line":274,"column":4},"end":{"line":274,"column":64}},"114":{"start":{"line":276,"column":4},"end":{"line":276,"column":69}},"115":{"start":{"line":281,"column":0},"end":{"line":296,"column":3}},"116":{"start":{"line":282,"column":13},"end":{"line":282,"column":30}},"117":{"start":{"line":283,"column":2},"end":{"line":295,"column":3}},"118":{"start":{"line":284,"column":23},"end":{"line":284,"column":33}},"119":{"start":{"line":286,"column":4},"end":{"line":290,"column":19}},"120":{"start":{"line":292,"column":4},"end":{"line":292,"column":64}},"121":{"start":{"line":294,"column":4},"end":{"line":294,"column":69}},"122":{"start":{"line":299,"column":0},"end":{"line":315,"column":3}},"123":{"start":{"line":300,"column":13},"end":{"line":300,"column":30}},"124":{"start":{"line":301,"column":2},"end":{"line":314,"column":3}},"125":{"start":{"line":302,"column":23},"end":{"line":302,"column":33}},"126":{"start":{"line":303,"column":23},"end":{"line":303,"column":31}},"127":{"start":{"line":305,"column":4},"end":{"line":309,"column":33}},"128":{"start":{"line":311,"column":4},"end":{"line":311,"column":59}},"129":{"start":{"line":313,"column":4},"end":{"line":313,"column":69}},"130":{"start":{"line":318,"column":0},"end":{"line":355,"column":3}},"131":{"start":{"line":319,"column":13},"end":{"line":319,"column":30}},"132":{"start":{"line":320,"column":22},"end":{"line":320,"column":48}},"133":{"start":{"line":322,"column":2},"end":{"line":354,"column":3}},"134":{"start":{"line":323,"column":23},"end":{"line":323,"column":33}},"135":{"start":{"line":325,"column":20},"end":{"line":330,"column":18}},"136":{"start":{"line":332,"column":4},"end":{"line":334,"column":5}},"137":{"start":{"line":333,"column":6},"end":{"line":333,"column":84}},"138":{"start":{"line":336,"column":4},"end":{"line":340,"column":19}},"139":{"start":{"line":342,"column":4},"end":{"line":345,"column":35}},"140":{"start":{"line":347,"column":4},"end":{"line":349,"column":5}},"141":{"start":{"line":348,"column":6},"end":{"line":348,"column":51}},"142":{"start":{"line":351,"column":4},"end":{"line":351,"column":61}},"143":{"start":{"line":353,"column":4},"end":{"line":353,"column":69}},"144":{"start":{"line":358,"column":0},"end":{"line":376,"column":3}},"145":{"start":{"line":359,"column":13},"end":{"line":359,"column":30}},"146":{"start":{"line":360,"column":2},"end":{"line":375,"column":3}},"147":{"start":{"line":361,"column":17},"end":{"line":366,"column":12}},"148":{"start":{"line":368,"column":4},"end":{"line":370,"column":5}},"149":{"start":{"line":369,"column":6},"end":{"line":369,"column":73}},"150":{"start":{"line":372,"column":4},"end":{"line":372,"column":38}},"151":{"start":{"line":374,"column":4},"end":{"line":374,"column":69}},"152":{"start":{"line":379,"column":0},"end":{"line":398,"column":3}},"153":{"start":{"line":380,"column":13},"end":{"line":380,"column":30}},"154":{"start":{"line":381,"column":2},"end":{"line":397,"column":3}},"155":{"start":{"line":382,"column":17},"end":{"line":388,"column":12}},"156":{"start":{"line":390,"column":4},"end":{"line":392,"column":5}},"157":{"start":{"line":391,"column":6},"end":{"line":391,"column":73}},"158":{"start":{"line":394,"column":4},"end":{"line":394,"column":38}},"159":{"start":{"line":396,"column":4},"end":{"line":396,"column":69}},"160":{"start":{"line":401,"column":0},"end":{"line":416,"column":3}},"161":{"start":{"line":402,"column":13},"end":{"line":402,"column":30}},"162":{"start":{"line":403,"column":2},"end":{"line":415,"column":3}},"163":{"start":{"line":404,"column":37},"end":{"line":404,"column":45}},"164":{"start":{"line":406,"column":4},"end":{"line":410,"column":33}},"165":{"start":{"line":412,"column":4},"end":{"line":412,"column":58}},"166":{"start":{"line":414,"column":4},"end":{"line":414,"column":69}},"167":{"start":{"line":419,"column":0},"end":{"line":440,"column":3}},"168":{"start":{"line":420,"column":13},"end":{"line":420,"column":30}},"169":{"start":{"line":421,"column":22},"end":{"line":421,"column":48}},"170":{"start":{"line":423,"column":2},"end":{"line":439,"column":3}},"171":{"start":{"line":424,"column":28},"end":{"line":424,"column":36}},"172":{"start":{"line":426,"column":4},"end":{"line":434,"column":5}},"173":{"start":{"line":427,"column":6},"end":{"line":427,"column":43}},"174":{"start":{"line":429,"column":6},"end":{"line":433,"column":26}},"175":{"start":{"line":436,"column":4},"end":{"line":436,"column":73}},"176":{"start":{"line":438,"column":4},"end":{"line":438,"column":69}},"177":{"start":{"line":443,"column":0},"end":{"line":470,"column":3}},"178":{"start":{"line":444,"column":13},"end":{"line":444,"column":30}},"179":{"start":{"line":445,"column":2},"end":{"line":469,"column":3}},"180":{"start":{"line":446,"column":25},"end":{"line":446,"column":35}},"181":{"start":{"line":447,"column":18},"end":{"line":447,"column":56}},"182":{"start":{"line":449,"column":22},"end":{"line":452,"column":27}},"183":{"start":{"line":454,"column":17},"end":{"line":457,"column":27}},"184":{"start":{"line":459,"column":4},"end":{"line":466,"column":7}},"185":{"start":{"line":468,"column":4},"end":{"line":468,"column":69}},"186":{"start":{"line":472,"column":0},"end":{"line":499,"column":3}},"187":{"start":{"line":473,"column":13},"end":{"line":473,"column":30}},"188":{"start":{"line":474,"column":2},"end":{"line":498,"column":3}},"189":{"start":{"line":475,"column":25},"end":{"line":475,"column":35}},"190":{"start":{"line":476,"column":18},"end":{"line":476,"column":56}},"191":{"start":{"line":478,"column":22},"end":{"line":481,"column":27}},"192":{"start":{"line":483,"column":17},"end":{"line":486,"column":27}},"193":{"start":{"line":488,"column":4},"end":{"line":495,"column":7}},"194":{"start":{"line":497,"column":4},"end":{"line":497,"column":69}},"195":{"start":{"line":502,"column":0},"end":{"line":537,"column":3}},"196":{"start":{"line":503,"column":13},"end":{"line":503,"column":30}},"197":{"start":{"line":504,"column":34},"end":{"line":504,"column":42}},"198":{"start":{"line":505,"column":21},"end":{"line":505,"column":37}},"199":{"start":{"line":507,"column":2},"end":{"line":536,"column":3}},"200":{"start":{"line":508,"column":19},"end":{"line":508,"column":117}},"201":{"start":{"line":510,"column":4},"end":{"line":533,"column":5}},"202":{"start":{"line":511,"column":6},"end":{"line":511,"column":114}},"203":{"start":{"line":513,"column":6},"end":{"line":521,"column":9}},"204":{"start":{"line":523,"column":21},"end":{"line":523,"column":174}},"205":{"start":{"line":525,"column":6},"end":{"line":532,"column":9}},"206":{"start":{"line":535,"column":4},"end":{"line":535,"column":69}},"207":{"start":{"line":540,"column":0},"end":{"line":550,"column":3}},"208":{"start":{"line":541,"column":23},"end":{"line":541,"column":31}},"209":{"start":{"line":542,"column":13},"end":{"line":542,"column":30}},"210":{"start":{"line":544,"column":2},"end":{"line":549,"column":3}},"211":{"start":{"line":545,"column":4},"end":{"line":545,"column":83}},"212":{"start":{"line":546,"column":4},"end":{"line":546,"column":68}},"213":{"start":{"line":548,"column":4},"end":{"line":548,"column":69}},"214":{"start":{"line":552,"column":0},"end":{"line":568,"column":3}},"215":{"start":{"line":553,"column":23},"end":{"line":553,"column":31}},"216":{"start":{"line":554,"column":13},"end":{"line":554,"column":30}},"217":{"start":{"line":556,"column":2},"end":{"line":567,"column":3}},"218":{"start":{"line":557,"column":4},"end":{"line":557,"column":83}},"219":{"start":{"line":559,"column":15},"end":{"line":559,"column":32}},"220":{"start":{"line":560,"column":4},"end":{"line":562,"column":5}},"221":{"start":{"line":561,"column":6},"end":{"line":561,"column":70}},"222":{"start":{"line":564,"column":4},"end":{"line":564,"column":68}},"223":{"start":{"line":566,"column":4},"end":{"line":566,"column":69}},"224":{"start":{"line":570,"column":0},"end":{"line":570,"column":24}}},"fnMap":{"0":{"name":"(anonymous_0)","decl":{"start":{"line":20,"column":22},"end":{"line":20,"column":23}},"loc":{"start":{"line":20,"column":36},"end":{"line":27,"column":1}},"line":20},"1":{"name":"(anonymous_1)","decl":{"start":{"line":33,"column":21},"end":{"line":33,"column":22}},"loc":{"start":{"line":33,"column":35},"end":{"line":52,"column":1}},"line":33},"2":{"name":"(anonymous_2)","decl":{"start":{"line":58,"column":25},"end":{"line":58,"column":26}},"loc":{"start":{"line":58,"column":39},"end":{"line":87,"column":1}},"line":58},"3":{"name":"(anonymous_3)","decl":{"start":{"line":103,"column":24},"end":{"line":103,"column":25}},"loc":{"start":{"line":103,"column":44},"end":{"line":106,"column":1}},"line":103},"4":{"name":"(anonymous_4)","decl":{"start":{"line":109,"column":24},"end":{"line":109,"column":25}},"loc":{"start":{"line":109,"column":38},"end":{"line":121,"column":1}},"line":109},"5":{"name":"(anonymous_5)","decl":{"start":{"line":124,"column":37},"end":{"line":124,"column":38}},"loc":{"start":{"line":124,"column":51},"end":{"line":152,"column":1}},"line":124},"6":{"name":"(anonymous_6)","decl":{"start":{"line":155,"column":24},"end":{"line":155,"column":25}},"loc":{"start":{"line":155,"column":44},"end":{"line":158,"column":1}},"line":155},"7":{"name":"(anonymous_7)","decl":{"start":{"line":161,"column":21},"end":{"line":161,"column":22}},"loc":{"start":{"line":161,"column":35},"end":{"line":175,"column":1}},"line":161},"8":{"name":"(anonymous_8)","decl":{"start":{"line":178,"column":35},"end":{"line":178,"column":36}},"loc":{"start":{"line":178,"column":55},"end":{"line":181,"column":1}},"line":178},"9":{"name":"(anonymous_9)","decl":{"start":{"line":184,"column":33},"end":{"line":184,"column":34}},"loc":{"start":{"line":184,"column":47},"end":{"line":198,"column":1}},"line":184},"10":{"name":"(anonymous_10)","decl":{"start":{"line":201,"column":23},"end":{"line":201,"column":24}},"loc":{"start":{"line":201,"column":43},"end":{"line":204,"column":1}},"line":201},"11":{"name":"(anonymous_11)","decl":{"start":{"line":207,"column":24},"end":{"line":207,"column":25}},"loc":{"start":{"line":207,"column":44},"end":{"line":210,"column":1}},"line":207},"12":{"name":"(anonymous_12)","decl":{"start":{"line":213,"column":24},"end":{"line":213,"column":25}},"loc":{"start":{"line":213,"column":44},"end":{"line":216,"column":1}},"line":213},"13":{"name":"(anonymous_13)","decl":{"start":{"line":219,"column":25},"end":{"line":219,"column":26}},"loc":{"start":{"line":219,"column":45},"end":{"line":222,"column":1}},"line":219},"14":{"name":"(anonymous_14)","decl":{"start":{"line":225,"column":28},"end":{"line":225,"column":29}},"loc":{"start":{"line":225,"column":48},"end":{"line":228,"column":1}},"line":225},"15":{"name":"(anonymous_15)","decl":{"start":{"line":231,"column":29},"end":{"line":231,"column":30}},"loc":{"start":{"line":231,"column":49},"end":{"line":234,"column":1}},"line":231},"16":{"name":"(anonymous_16)","decl":{"start":{"line":237,"column":32},"end":{"line":237,"column":33}},"loc":{"start":{"line":237,"column":52},"end":{"line":240,"column":1}},"line":237},"17":{"name":"(anonymous_17)","decl":{"start":{"line":243,"column":37},"end":{"line":243,"column":38}},"loc":{"start":{"line":243,"column":51},"end":{"line":259,"column":1}},"line":243},"18":{"name":"(anonymous_18)","decl":{"start":{"line":262,"column":43},"end":{"line":262,"column":44}},"loc":{"start":{"line":262,"column":57},"end":{"line":278,"column":1}},"line":262},"19":{"name":"(anonymous_19)","decl":{"start":{"line":281,"column":44},"end":{"line":281,"column":45}},"loc":{"start":{"line":281,"column":58},"end":{"line":296,"column":1}},"line":281},"20":{"name":"(anonymous_20)","decl":{"start":{"line":299,"column":47},"end":{"line":299,"column":48}},"loc":{"start":{"line":299,"column":61},"end":{"line":315,"column":1}},"line":299},"21":{"name":"(anonymous_21)","decl":{"start":{"line":318,"column":48},"end":{"line":318,"column":49}},"loc":{"start":{"line":318,"column":62},"end":{"line":355,"column":1}},"line":318},"22":{"name":"(anonymous_22)","decl":{"start":{"line":358,"column":26},"end":{"line":358,"column":27}},"loc":{"start":{"line":358,"column":40},"end":{"line":376,"column":1}},"line":358},"23":{"name":"(anonymous_23)","decl":{"start":{"line":379,"column":36},"end":{"line":379,"column":37}},"loc":{"start":{"line":379,"column":50},"end":{"line":398,"column":1}},"line":379},"24":{"name":"(anonymous_24)","decl":{"start":{"line":401,"column":30},"end":{"line":401,"column":31}},"loc":{"start":{"line":401,"column":44},"end":{"line":416,"column":1}},"line":401},"25":{"name":"(anonymous_25)","decl":{"start":{"line":419,"column":30},"end":{"line":419,"column":31}},"loc":{"start":{"line":419,"column":44},"end":{"line":440,"column":1}},"line":419},"26":{"name":"(anonymous_26)","decl":{"start":{"line":443,"column":39},"end":{"line":443,"column":40}},"loc":{"start":{"line":443,"column":53},"end":{"line":470,"column":1}},"line":443},"27":{"name":"(anonymous_27)","decl":{"start":{"line":472,"column":39},"end":{"line":472,"column":40}},"loc":{"start":{"line":472,"column":53},"end":{"line":499,"column":1}},"line":472},"28":{"name":"(anonymous_28)","decl":{"start":{"line":502,"column":30},"end":{"line":502,"column":31}},"loc":{"start":{"line":502,"column":44},"end":{"line":537,"column":1}},"line":502},"29":{"name":"(anonymous_29)","decl":{"start":{"line":540,"column":30},"end":{"line":540,"column":31}},"loc":{"start":{"line":540,"column":44},"end":{"line":550,"column":1}},"line":540},"30":{"name":"(anonymous_30)","decl":{"start":{"line":552,"column":31},"end":{"line":552,"column":32}},"loc":{"start":{"line":552,"column":45},"end":{"line":568,"column":1}},"line":552}},"branchMap":{"0":{"loc":{"start":{"line":43,"column":14},"end":{"line":43,"column":37}},"type":"binary-expr","locations":[{"start":{"line":43,"column":14},"end":{"line":43,"column":32}},{"start":{"line":43,"column":36},"end":{"line":43,"column":37}}],"line":43},"1":{"loc":{"start":{"line":44,"column":13},"end":{"line":44,"column":35}},"type":"binary-expr","locations":[{"start":{"line":44,"column":13},"end":{"line":44,"column":30}},{"start":{"line":44,"column":34},"end":{"line":44,"column":35}}],"line":44},"2":{"loc":{"start":{"line":45,"column":23},"end":{"line":45,"column":50}},"type":"binary-expr","locations":[{"start":{"line":45,"column":23},"end":{"line":45,"column":45}},{"start":{"line":45,"column":49},"end":{"line":45,"column":50}}],"line":45},"3":{"loc":{"start":{"line":46,"column":21},"end":{"line":46,"column":46}},"type":"binary-expr","locations":[{"start":{"line":46,"column":21},"end":{"line":46,"column":41}},{"start":{"line":46,"column":45},"end":{"line":46,"column":46}}],"line":46},"4":{"loc":{"start":{"line":63,"column":4},"end":{"line":68,"column":5}},"type":"if","locations":[{"start":{"line":63,"column":4},"end":{"line":68,"column":5}},{"start":{},"end":{}}],"line":63},"5":{"loc":{"start":{"line":65,"column":6},"end":{"line":67,"column":7}},"type":"if","locations":[{"start":{"line":65,"column":6},"end":{"line":67,"column":7}},{"start":{},"end":{}}],"line":65},"6":{"loc":{"start":{"line":133,"column":4},"end":{"line":138,"column":5}},"type":"if","locations":[{"start":{"line":133,"column":4},"end":{"line":138,"column":5}},{"start":{},"end":{}}],"line":133},"7":{"loc":{"start":{"line":309,"column":11},"end":{"line":309,"column":23}},"type":"binary-expr","locations":[{"start":{"line":309,"column":11},"end":{"line":309,"column":17}},{"start":{"line":309,"column":21},"end":{"line":309,"column":23}}],"line":309},"8":{"loc":{"start":{"line":332,"column":4},"end":{"line":334,"column":5}},"type":"if","locations":[{"start":{"line":332,"column":4},"end":{"line":334,"column":5}},{"start":{},"end":{}}],"line":332},"9":{"loc":{"start":{"line":347,"column":4},"end":{"line":349,"column":5}},"type":"if","locations":[{"start":{"line":347,"column":4},"end":{"line":349,"column":5}},{"start":{},"end":{}}],"line":347},"10":{"loc":{"start":{"line":347,"column":8},"end":{"line":347,"column":42}},"type":"binary-expr","locations":[{"start":{"line":347,"column":8},"end":{"line":347,"column":27}},{"start":{"line":347,"column":31},"end":{"line":347,"column":42}}],"line":347},"11":{"loc":{"start":{"line":368,"column":4},"end":{"line":370,"column":5}},"type":"if","locations":[{"start":{"line":368,"column":4},"end":{"line":370,"column":5}},{"start":{},"end":{}}],"line":368},"12":{"loc":{"start":{"line":390,"column":4},"end":{"line":392,"column":5}},"type":"if","locations":[{"start":{"line":390,"column":4},"end":{"line":392,"column":5}},{"start":{},"end":{}}],"line":390},"13":{"loc":{"start":{"line":426,"column":4},"end":{"line":434,"column":5}},"type":"if","locations":[{"start":{"line":426,"column":4},"end":{"line":434,"column":5}},{"start":{"line":428,"column":11},"end":{"line":434,"column":5}}],"line":426},"14":{"loc":{"start":{"line":462,"column":24},"end":{"line":462,"column":45}},"type":"binary-expr","locations":[{"start":{"line":462,"column":24},"end":{"line":462,"column":40}},{"start":{"line":462,"column":44},"end":{"line":462,"column":45}}],"line":462},"15":{"loc":{"start":{"line":463,"column":19},"end":{"line":463,"column":35}},"type":"binary-expr","locations":[{"start":{"line":463,"column":19},"end":{"line":463,"column":30}},{"start":{"line":463,"column":34},"end":{"line":463,"column":35}}],"line":463},"16":{"loc":{"start":{"line":491,"column":24},"end":{"line":491,"column":45}},"type":"binary-expr","locations":[{"start":{"line":491,"column":24},"end":{"line":491,"column":40}},{"start":{"line":491,"column":44},"end":{"line":491,"column":45}}],"line":491},"17":{"loc":{"start":{"line":492,"column":19},"end":{"line":492,"column":35}},"type":"binary-expr","locations":[{"start":{"line":492,"column":19},"end":{"line":492,"column":30}},{"start":{"line":492,"column":34},"end":{"line":492,"column":35}}],"line":492},"18":{"loc":{"start":{"line":505,"column":21},"end":{"line":505,"column":37}},"type":"binary-expr","locations":[{"start":{"line":505,"column":21},"end":{"line":505,"column":29}},{"start":{"line":505,"column":33},"end":{"line":505,"column":37}}],"line":505},"19":{"loc":{"start":{"line":510,"column":4},"end":{"line":533,"column":5}},"type":"if","locations":[{"start":{"line":510,"column":4},"end":{"line":533,"column":5}},{"start":{"line":522,"column":11},"end":{"line":533,"column":5}}],"line":510},"20":{"loc":{"start":{"line":517,"column":16},"end":{"line":517,"column":50}},"type":"binary-expr","locations":[{"start":{"line":517,"column":16},"end":{"line":517,"column":31}},{"start":{"line":517,"column":35},"end":{"line":517,"column":50}}],"line":517},"21":{"loc":{"start":{"line":560,"column":4},"end":{"line":562,"column":5}},"type":"if","locations":[{"start":{"line":560,"column":4},"end":{"line":562,"column":5}},{"start":{},"end":{}}],"line":560}},"s":{"0":6,"1":6,"2":6,"3":6,"4":6,"5":6,"6":6,"7":6,"8":6,"9":1,"10":6,"11":1,"12":1,"13":1,"14":1,"15":1,"16":1,"17":1,"18":0,"19":0,"20":6,"21":1,"22":1,"23":1,"24":1,"25":1,"26":1,"27":1,"28":0,"29":0,"30":0,"31":0,"32":0,"33":6,"34":6,"35":6,"36":6,"37":6,"38":6,"39":6,"40":0,"41":0,"42":6,"43":0,"44":0,"45":0,"46":0,"47":0,"48":6,"49":0,"50":0,"51":0,"52":0,"53":0,"54":0,"55":0,"56":0,"57":0,"58":0,"59":0,"60":0,"61":6,"62":0,"63":0,"64":6,"65":0,"66":0,"67":0,"68":0,"69":0,"70":6,"71":0,"72":0,"73":6,"74":0,"75":0,"76":0,"77":0,"78":0,"79":6,"80":0,"81":0,"82":6,"83":0,"84":0,"85":6,"86":0,"87":0,"88":6,"89":0,"90":0,"91":6,"92":0,"93":0,"94":6,"95":0,"96":0,"97":6,"98":0,"99":6,"100":0,"101":0,"102":0,"103":0,"104":0,"105":0,"106":0,"107":6,"108":0,"109":0,"110":0,"111":0,"112":0,"113":0,"114":0,"115":6,"116":0,"117":0,"118":0,"119":0,"120":0,"121":0,"122":6,"123":0,"124":0,"125":0,"126":0,"127":0,"128":0,"129":0,"130":6,"131":0,"132":0,"133":0,"134":0,"135":0,"136":0,"137":0,"138":0,"139":0,"140":0,"141":0,"142":0,"143":0,"144":6,"145":0,"146":0,"147":0,"148":0,"149":0,"150":0,"151":0,"152":6,"153":0,"154":0,"155":0,"156":0,"157":0,"158":0,"159":0,"160":6,"161":0,"162":0,"163":0,"164":0,"165":0,"166":0,"167":6,"168":0,"169":0,"170":0,"171":0,"172":0,"173":0,"174":0,"175":0,"176":0,"177":6,"178":0,"179":0,"180":0,"181":0,"182":0,"183":0,"184":0,"185":0,"186":6,"187":0,"188":0,"189":0,"190":0,"191":0,"192":0,"193":0,"194":0,"195":6,"196":0,"197":0,"198":0,"199":0,"200":0,"201":0,"202":0,"203":0,"204":0,"205":0,"206":0,"207":6,"208":0,"209":0,"210":0,"211":0,"212":0,"213":0,"214":6,"215":0,"216":0,"217":0,"218":0,"219":0,"220":0,"221":0,"222":0,"223":0,"224":6},"f":{"0":1,"1":1,"2":1,"3":0,"4":0,"5":0,"6":0,"7":0,"8":0,"9":0,"10":0,"11":0,"12":0,"13":0,"14":0,"15":0,"16":0,"17":0,"18":0,"19":0,"20":0,"21":0,"22":0,"23":0,"24":0,"25":0,"26":0,"27":0,"28":0,"29":0,"30":0},"b":{"0":[1,1],"1":[1,1],"2":[1,1],"3":[1,1],"4":[1,0],"5":[1,0],"6":[0,0],"7":[0,0],"8":[0,0],"9":[0,0],"10":[0,0],"11":[0,0],"12":[0,0],"13":[0,0],"14":[0,0],"15":[0,0],"16":[0,0],"17":[0,0],"18":[0,0],"19":[0,0],"20":[0,0],"21":[0,0]},"_coverageSchema":"1a1c01bbd47fc00a2c39e90264f33305004495a9","hash":"42fca7be4ea3506a83228e145db067e0730d27a1"}
,"/Users/teja/Downloads/up/backend/src/routes/payment.js": {"path":"/Users/teja/Downloads/up/backend/src/routes/payment.js","statementMap":{"0":{"start":{"line":5,"column":16},"end":{"line":5,"column":34}},"1":{"start":{"line":6,"column":15},"end":{"line":6,"column":31}},"2":{"start":{"line":7,"column":59},"end":{"line":7,"column":94}},"3":{"start":{"line":13,"column":0},"end":{"line":65,"column":3}},"4":{"start":{"line":14,"column":13},"end":{"line":14,"column":30}},"5":{"start":{"line":15,"column":2},"end":{"line":64,"column":3}},"6":{"start":{"line":17,"column":4},"end":{"line":23,"column":7}},"7":{"start":{"line":25,"column":20},"end":{"line":25,"column":89}},"8":{"start":{"line":26,"column":24},"end":{"line":26,"column":97}},"9":{"start":{"line":27,"column":23},"end":{"line":27,"column":95}},"10":{"start":{"line":28,"column":28},"end":{"line":28,"column":105}},"11":{"start":{"line":29,"column":25},"end":{"line":29,"column":99}},"12":{"start":{"line":31,"column":23},"end":{"line":31,"column":63}},"13":{"start":{"line":32,"column":27},"end":{"line":32,"column":75}},"14":{"start":{"line":33,"column":19},"end":{"line":33,"column":64}},"15":{"start":{"line":34,"column":18},"end":{"line":34,"column":75}},"16":{"start":{"line":35,"column":20},"end":{"line":35,"column":72}},"17":{"start":{"line":37,"column":4},"end":{"line":48,"column":7}},"18":{"start":{"line":50,"column":4},"end":{"line":50,"column":51}},"19":{"start":{"line":52,"column":4},"end":{"line":63,"column":7}},"20":{"start":{"line":71,"column":0},"end":{"line":107,"column":3}},"21":{"start":{"line":72,"column":13},"end":{"line":72,"column":30}},"22":{"start":{"line":73,"column":2},"end":{"line":106,"column":3}},"23":{"start":{"line":74,"column":101},"end":{"line":74,"column":109}},"24":{"start":{"line":77,"column":4},"end":{"line":83,"column":7}},"25":{"start":{"line":85,"column":26},"end":{"line":92,"column":5}},"26":{"start":{"line":86,"column":6},"end":{"line":91,"column":7}},"27":{"start":{"line":87,"column":8},"end":{"line":90,"column":38}},"28":{"start":{"line":95,"column":4},"end":{"line":95,"column":58}},"29":{"start":{"line":96,"column":4},"end":{"line":96,"column":48}},"30":{"start":{"line":97,"column":4},"end":{"line":97,"column":46}},"31":{"start":{"line":98,"column":4},"end":{"line":98,"column":56}},"32":{"start":{"line":99,"column":4},"end":{"line":99,"column":50}},"33":{"start":{"line":101,"column":4},"end":{"line":101,"column":112}},"34":{"start":{"line":102,"column":4},"end":{"line":102,"column":73}},"35":{"start":{"line":104,"column":4},"end":{"line":104,"column":52}},"36":{"start":{"line":105,"column":4},"end":{"line":105,"column":69}},"37":{"start":{"line":113,"column":0},"end":{"line":182,"column":3}},"38":{"start":{"line":114,"column":13},"end":{"line":114,"column":30}},"39":{"start":{"line":115,"column":2},"end":{"line":181,"column":3}},"40":{"start":{"line":116,"column":73},"end":{"line":116,"column":81}},"41":{"start":{"line":118,"column":4},"end":{"line":118,"column":91}},"42":{"start":{"line":121,"column":20},"end":{"line":121,"column":94}},"43":{"start":{"line":122,"column":4},"end":{"line":127,"column":5}},"44":{"start":{"line":123,"column":6},"end":{"line":126,"column":9}},"45":{"start":{"line":135,"column":26},"end":{"line":135,"column":88}},"46":{"start":{"line":136,"column":24},"end":{"line":136,"column":57}},"47":{"start":{"line":139,"column":17},"end":{"line":146,"column":6}},"48":{"start":{"line":148,"column":19},"end":{"line":148,"column":68}},"49":{"start":{"line":150,"column":4},"end":{"line":155,"column":5}},"50":{"start":{"line":151,"column":6},"end":{"line":154,"column":9}},"51":{"start":{"line":157,"column":4},"end":{"line":157,"column":96}},"52":{"start":{"line":160,"column":15},"end":{"line":160,"column":32}},"53":{"start":{"line":161,"column":4},"end":{"line":168,"column":5}},"54":{"start":{"line":162,"column":6},"end":{"line":167,"column":9}},"55":{"start":{"line":170,"column":4},"end":{"line":177,"column":7}},"56":{"start":{"line":179,"column":4},"end":{"line":179,"column":54}},"57":{"start":{"line":180,"column":4},"end":{"line":180,"column":69}},"58":{"start":{"line":188,"column":0},"end":{"line":227,"column":3}},"59":{"start":{"line":189,"column":13},"end":{"line":189,"column":30}},"60":{"start":{"line":190,"column":2},"end":{"line":226,"column":3}},"61":{"start":{"line":191,"column":58},"end":{"line":191,"column":66}},"62":{"start":{"line":193,"column":19},"end":{"line":200,"column":51}},"63":{"start":{"line":202,"column":4},"end":{"line":207,"column":5}},"64":{"start":{"line":203,"column":6},"end":{"line":206,"column":9}},"65":{"start":{"line":209,"column":4},"end":{"line":209,"column":98}},"66":{"start":{"line":212,"column":15},"end":{"line":212,"column":32}},"67":{"start":{"line":213,"column":4},"end":{"line":215,"column":5}},"68":{"start":{"line":214,"column":6},"end":{"line":214,"column":65}},"69":{"start":{"line":217,"column":4},"end":{"line":222,"column":7}},"70":{"start":{"line":224,"column":4},"end":{"line":224,"column":58}},"71":{"start":{"line":225,"column":4},"end":{"line":225,"column":69}},"72":{"start":{"line":233,"column":0},"end":{"line":298,"column":3}},"73":{"start":{"line":234,"column":13},"end":{"line":234,"column":30}},"74":{"start":{"line":235,"column":2},"end":{"line":297,"column":3}},"75":{"start":{"line":236,"column":23},"end":{"line":236,"column":33}},"76":{"start":{"line":237,"column":27},"end":{"line":237,"column":36}},"77":{"start":{"line":240,"column":20},"end":{"line":242,"column":18}},"78":{"start":{"line":244,"column":4},"end":{"line":249,"column":5}},"79":{"start":{"line":245,"column":6},"end":{"line":248,"column":9}},"80":{"start":{"line":252,"column":23},"end":{"line":252,"column":92}},"81":{"start":{"line":253,"column":27},"end":{"line":253,"column":100}},"82":{"start":{"line":254,"column":26},"end":{"line":254,"column":98}},"83":{"start":{"line":255,"column":21},"end":{"line":255,"column":98}},"84":{"start":{"line":256,"column":28},"end":{"line":256,"column":102}},"85":{"start":{"line":258,"column":20},"end":{"line":258,"column":66}},"86":{"start":{"line":259,"column":24},"end":{"line":259,"column":78}},"87":{"start":{"line":260,"column":23},"end":{"line":260,"column":74}},"88":{"start":{"line":261,"column":28},"end":{"line":261,"column":71}},"89":{"start":{"line":262,"column":25},"end":{"line":262,"column":83}},"90":{"start":{"line":265,"column":20},"end":{"line":265,"column":51}},"91":{"start":{"line":266,"column":16},"end":{"line":266,"column":26}},"92":{"start":{"line":267,"column":18},"end":{"line":267,"column":63}},"93":{"start":{"line":270,"column":19},"end":{"line":270,"column":26}},"94":{"start":{"line":271,"column":4},"end":{"line":273,"column":5}},"95":{"start":{"line":272,"column":6},"end":{"line":272,"column":43}},"96":{"start":{"line":274,"column":4},"end":{"line":276,"column":5}},"97":{"start":{"line":275,"column":6},"end":{"line":275,"column":30}},"98":{"start":{"line":277,"column":4},"end":{"line":279,"column":5}},"99":{"start":{"line":278,"column":6},"end":{"line":278,"column":34}},"100":{"start":{"line":281,"column":4},"end":{"line":293,"column":7}},"101":{"start":{"line":295,"column":4},"end":{"line":295,"column":51}},"102":{"start":{"line":296,"column":4},"end":{"line":296,"column":69}},"103":{"start":{"line":304,"column":0},"end":{"line":373,"column":3}},"104":{"start":{"line":305,"column":13},"end":{"line":305,"column":30}},"105":{"start":{"line":306,"column":2},"end":{"line":372,"column":3}},"106":{"start":{"line":307,"column":59},"end":{"line":307,"column":68}},"107":{"start":{"line":309,"column":16},"end":{"line":324,"column":5}},"108":{"start":{"line":326,"column":19},"end":{"line":326,"column":21}},"109":{"start":{"line":328,"column":4},"end":{"line":331,"column":5}},"110":{"start":{"line":329,"column":6},"end":{"line":329,"column":48}},"111":{"start":{"line":330,"column":6},"end":{"line":330,"column":29}},"112":{"start":{"line":333,"column":4},"end":{"line":336,"column":5}},"113":{"start":{"line":334,"column":6},"end":{"line":334,"column":48}},"114":{"start":{"line":335,"column":6},"end":{"line":335,"column":27}},"115":{"start":{"line":338,"column":4},"end":{"line":338,"column":62}},"116":{"start":{"line":339,"column":4},"end":{"line":339,"column":51}},"117":{"start":{"line":341,"column":21},"end":{"line":341,"column":53}},"118":{"start":{"line":344,"column":21},"end":{"line":348,"column":5}},"119":{"start":{"line":349,"column":24},"end":{"line":349,"column":26}},"120":{"start":{"line":351,"column":4},"end":{"line":354,"column":5}},"121":{"start":{"line":352,"column":6},"end":{"line":352,"column":51}},"122":{"start":{"line":353,"column":6},"end":{"line":353,"column":34}},"123":{"start":{"line":355,"column":4},"end":{"line":358,"column":5}},"124":{"start":{"line":356,"column":6},"end":{"line":356,"column":51}},"125":{"start":{"line":357,"column":6},"end":{"line":357,"column":32}},"126":{"start":{"line":360,"column":18},"end":{"line":360,"column":60}},"127":{"start":{"line":362,"column":4},"end":{"line":368,"column":7}},"128":{"start":{"line":370,"column":4},"end":{"line":370,"column":59}},"129":{"start":{"line":371,"column":4},"end":{"line":371,"column":69}},"130":{"start":{"line":375,"column":0},"end":{"line":375,"column":24}}},"fnMap":{"0":{"name":"(anonymous_0)","decl":{"start":{"line":13,"column":23},"end":{"line":13,"column":24}},"loc":{"start":{"line":13,"column":37},"end":{"line":65,"column":1}},"line":13},"1":{"name":"(anonymous_1)","decl":{"start":{"line":71,"column":57},"end":{"line":71,"column":58}},"loc":{"start":{"line":71,"column":71},"end":{"line":107,"column":1}},"line":71},"2":{"name":"(anonymous_2)","decl":{"start":{"line":85,"column":26},"end":{"line":85,"column":27}},"loc":{"start":{"line":85,"column":42},"end":{"line":92,"column":5}},"line":85},"3":{"name":"(anonymous_3)","decl":{"start":{"line":113,"column":51},"end":{"line":113,"column":52}},"loc":{"start":{"line":113,"column":65},"end":{"line":182,"column":1}},"line":113},"4":{"name":"(anonymous_4)","decl":{"start":{"line":188,"column":48},"end":{"line":188,"column":49}},"loc":{"start":{"line":188,"column":62},"end":{"line":227,"column":1}},"line":188},"5":{"name":"(anonymous_5)","decl":{"start":{"line":233,"column":65},"end":{"line":233,"column":66}},"loc":{"start":{"line":233,"column":79},"end":{"line":298,"column":1}},"line":233},"6":{"name":"(anonymous_6)","decl":{"start":{"line":304,"column":23},"end":{"line":304,"column":24}},"loc":{"start":{"line":304,"column":37},"end":{"line":373,"column":1}},"line":304}},"branchMap":{"0":{"loc":{"start":{"line":31,"column":23},"end":{"line":31,"column":63}},"type":"cond-expr","locations":[{"start":{"line":31,"column":33},"end":{"line":31,"column":58}},{"start":{"line":31,"column":61},"end":{"line":31,"column":63}}],"line":31},"1":{"loc":{"start":{"line":32,"column":27},"end":{"line":32,"column":75}},"
[...]
370,"column":70}},"type":"cond-expr","locations":[{"start":{"line":370,"column":36},"end":{"line":370,"column":65}},{"start":{"line":370,"column":68},"end":{"line":370,"column":70}}],"line":370},"41":{"loc":{"start":{"line":371,"column":21},"end":{"line":371,"column":66}},"type":"cond-expr","locations":[{"start":{"line":371,"column":34},"end":{"line":371,"column":62}},{"start":{"line":371,"column":65},"end":{"line":371,"column":66}}],"line":371},"42":{"loc":{"start":{"line":372,"column":26},"end":{"line":372,"column":83}},"type":"cond-expr","locations":[{"start":{"line":372,"column":44},"end":{"line":372,"column":77}},{"start":{"line":372,"column":80},"end":{"line":372,"column":83}}],"line":372},"43":{"loc":{"start":{"line":373,"column":23},"end":{"line":373,"column":75}},"type":"cond-expr","locations":[{"start":{"line":373,"column":38},"end":{"line":373,"column":67}},{"start":{"line":373,"column":70},"end":{"line":373,"column":75}}],"line":373},"44":{"loc":{"start":{"line":410,"column":6},"end":{"line":415,"column":7}},"type":"if","locations":[{"start":{"line":410,"column":6},"end":{"line":415,"column":7}},{"start":{},"end":{}}],"line":410},"45":{"loc":{"start":{"line":442,"column":18},"end":{"line":442,"column":69}},"type":"binary-expr","locations":[{"start":{"line":442,"column":18},"end":{"line":442,"column":27}},{"start":{"line":442,"column":31},"end":{"line":442,"column":69}}],"line":442},"46":{"loc":{"start":{"line":443,"column":16},"end":{"line":443,"column":65}},"type":"binary-expr","locations":[{"start":{"line":443,"column":16},"end":{"line":443,"column":23}},{"start":{"line":443,"column":27},"end":{"line":443,"column":65}}],"line":443},"47":{"loc":{"start":{"line":491,"column":27},"end":{"line":493,"column":11}},"type":"cond-expr","locations":[{"start":{"line":492,"column":8},"end":{"line":492,"column":77}},{"start":{"line":493,"column":8},"end":{"line":493,"column":11}}],"line":491},"48":{"loc":{"start":{"line":511,"column":6},"end":{"line":514,"column":69}},"type":"if","locations":[{"start":{"line":511,"column":6},"end":{"line":514,"column":69}},{"start":{"line":512,"column":11},"end":{"line":514,"column":69}}],"line":511},"49":{"loc":{"start":{"line":511,"column":10},"end":{"line":511,"column":40}},"type":"binary-expr","locations":[{"start":{"line":511,"column":10},"end":{"line":511,"column":23}},{"start":{"line":511,"column":27},"end":{"line":511,"column":40}}],"line":511},"50":{"loc":{"start":{"line":512,"column":11},"end":{"line":514,"column":69}},"type":"if","locations":[{"start":{"line":512,"column":11},"end":{"line":514,"column":69}},{"start":{"line":513,"column":11},"end":{"line":514,"column":69}}],"line":512},"51":{"loc":{"start":{"line":512,"column":15},"end":{"line":512,"column":46}},"type":"binary-expr","locations":[{"start":{"line":512,"column":15},"end":{"line":512,"column":29}},{"start":{"line":512,"column":33},"end":{"line":512,"column":46}}],"line":512},"52":{"loc":{"start":{"line":513,"column":11},"end":{"line":514,"column":69}},"type":"if","locations":[{"start":{"line":513,"column":11},"end":{"line":514,"column":69}},{"start":{"line":514,"column":11},"end":{"line":514,"column":69}}],"line":513},"53":{"loc":{"start":{"line":513,"column":15},"end":{"line":513,"column":46}},"type":"binary-expr","locations":[{"start":{"line":513,"column":15},"end":{"line":513,"column":29}},{"start":{"line":513,"column":33},"end":{"line":513,"column":46}}],"line":513},"54":{"loc":{"start":{"line":514,"column":11},"end":{"line":514,"column":69}},"type":"if","locations":[{"start":{"line":514,"column":11},"end":{"line":514,"column":69}},{"start":{},"end":{}}],"line":514},"55":{"loc":{"start":{"line":514,"column":15},"end":{"line":514,"column":46}},"type":"binary-expr","locations":[{"start":{"line":514,"column":15},"end":{"line":514,"column":29}},{"start":{"line":514,"column":33},"end":{"line":514,"column":46}}],"line":514},"56":{"loc":{"start":{"line":517,"column":22},"end":{"line":522,"column":10}},"type":"cond-expr","locations":[{"start":{"line":517,"column":34},"end":{"line":522,"column":5}},{"start":{"line":522,"column":8},"end":{"line":522,"column":10}}],"line":517},"57":{"loc":{"start":{"line":528,"column":23},"end":{"line":528,"column":43}},"type":"binary-expr","locations":[{"start":{"line":528,"column":23},"end":{"line":528,"column":38}},{"start":{"line":528,"column":42},"end":{"line":528,"column":43}}],"line":528},"58":{"loc":{"start":{"line":529,"column":25},"end":{"line":529,"column":47}},"type":"binary-expr","locations":[{"start":{"line":529,"column":25},"end":{"line":529,"column":42}},{"start":{"line":529,"column":46},"end":{"line":529,"column":47}}],"line":529},"59":{"loc":{"start":{"line":530,"column":23},"end":{"line":530,"column":42}},"type":"binary-expr","locations":[{"start":{"line":530,"column":23},"end":{"line":530,"column":37}},{"start":{"line":530,"column":41},"end":{"line":530,"column":42}}],"line":530},"60":{"loc":{"start":{"line":530,"column":47},"end":{"line":530,"column":65}},"type":"binary-expr","locations":[{"start":{"line":530,"column":47},"end":{"line":530,"column":60}},{"start":{"line":530,"column":64},"end":{"line":530,"column":65}}],"line":530},"61":{"loc":{"start":{"line":532,"column":16},"end":{"line":532,"column":35}},"type":"binary-expr","locations":[{"start":{"line":532,"column":16},"end":{"line":532,"column":30}},{"start":{"line":532,"column":34},"end":{"line":532,"column":35}}],"line":532},"62":{"loc":{"start":{"line":533,"column":16},"end":{"line":533,"column":34}},"type":"binary-expr","locations":[{"start":{"line":533,"column":16},"end":{"line":533,"column":29}},{"start":{"line":533,"column":33},"end":{"line":533,"column":34}}],"line":533},"63":{"loc":{"start":{"line":535,"column":36},"end":{"line":535,"column":62}},"type":"binary-expr","locations":[{"start":{"line":535,"column":36},"end":{"line":535,"column":57}},{"start":{"line":535,"column":61},"end":{"line":535,"column":62}}],"line":535},"64":{"loc":{"start":{"line":536,"column":23},"end":{"line":536,"column":48}},"type":"binary-expr","locations":[{"start":{"line":536,"column":23},"end":{"line":536,"column":43}},{"start":{"line":536,"column":47},"end":{"line":536,"column":48}}],"line":536}},"s":{"0":6,"1":6,"2":6,"3":6,"4":1,"5":1,"6":1,"7":1,"8":1,"9":1,"10":1,"11":1,"12":1,"13":1,"14":1,"15":0,"16":0,"17":6,"18":1,"19":1,"20":1,"21":1,"22":1,"23":1,"24":0,"25":0,"26":6,"27":1,"28":1,"29":1,"30":1,"31":1,"32":1,"33":1,"34":0,"35":0,"36":0,"37":0,"38":0,"39":0,"40":0,"41":6,"42":2,"43":2,"44":2,"45":2,"46":2,"47":2,"48":2,"49":2,"50":2,"51":2,"52":2,"53":2,"54":2,"55":2,"56":0,"57":0,"58":6,"59":2,"60":2,"61":2,"62":2,"63":2,"64":2,"65":2,"66":2,"67":1,"68":1,"69":1,"70":1,"71":1,"72":1,"73":1,"74":1,"75":1,"76":0,"77":0,"78":6,"79":0,"80":0,"81":0,"82":0,"83":0,"84":0,"85":0,"86":0,"87":0,"88":0,"89":6,"90":2,"91":2,"92":2,"93":2,"94":2,"95":2,"96":2,"97":2,"98":2,"99":0,"100":0,"101":6,"102":2,"103":2,"104":2,"105":2,"106":2,"107":10,"108":9,"109":2,"110":2,"111":2,"112":2,"113":2,"114":2,"115":2,"116":0,"117":0,"118":6,"119":3,"120":3,"121":3,"122":3,"123":3,"124":3,"125":3,"126":3,"127":3,"128":3,"129":3,"130":3,"131":3,"132":3,"133":3,"134":3,"135":3,"136":3,"137":3,"138":3,"139":0,"140":0,"141":0,"142":0,"143":0,"144":0,"145":0,"146":0,"147":0,"148":3,"149":3,"150":0,"151":0,"152":6},"f":{"0":1,"1":1,"2":1,"3":2,"4":2,"5":0,"6":2,"7":2,"8":10,"9":3,"10":0},"b":{"0":[1,1],"1":[1,1],"2":[1,1],"3":[1,1],"4":[1,1],"5":[1,1],"6":[1,1],"7":[1,0],"8":[1,0],"9":[0,0],"10":[2,1],"11":[0,2],"12":[2,2],"13":[2,2],"14":[2,2],"15":[2,2],"16":[2,2],"17":[2,2],"18":[2,2],"19":[2,2],"20":[2,2],"21":[2,2],"22":[0,2],"23":[1,1],"24":[1,0],"25":[1,1],"26":[1,1],"27":[1,1],"28":[1,1],"29":[1,1],"30":[1,1],"31":[1,0],"32":[1,0],"33":[1,1],"34":[1,1],"35":[1,1],"36":[1,1],"37":[0],"38":[0,0],"39":[2,0],"40":[2,0],"41":[2,0],"42":[2,0],"43":[2,0],"44":[9,1],"45":[3,1],"46":[3,1],"47":[0,3],"48":[0,0],"49":[0,0],"50":[0,0],"51":[0,0],"52":[0,0],"53":[0,0],"54":[0,0],"55":[0,0],"56":[0,3],"57":[3,3],"58":[3,3],"59":[3,3],"60":[3,3],"61":[3,3],"62":[3,3],"63":[3,3],"64":[3,3]},"_coverageSchema":"1a1c01bbd47fc00a2c39e90264f33305004495a9","hash":"017f614629225d8a125a8956d49b58ee54b2bd4b"}
,"/Users/teja/Downloads/up/backend/src/routes/vehicles.js": {"path":"/Users/teja/Downloads/up/backend/src/routes/vehicles.js","statementMap":{"0":{"start":{"line":5,"column":16},"end":{"line":5,"column":34}},"1":{"start":{"line":6,"column":15},"end":{"line":6,"column":31}},"2":{"start":{"line":7,"column":71},"end":{"line":7,"column":106}},"3":{"start":{"line":13,"column":0},"end":{"line":27,"column":3}},"4":{"start":{"line":14,"column":13},"end":{"line":14,"column":30}},"5":{"start":{"line":15,"column":2},"end":{"line":26,"column":3}},"6":{"start":{"line":16,"column":21},"end":{"line":20,"column":12}},"7":{"start":{"line":22,"column":4},"end":{"line":22,"column":42}},"8":{"start":{"line":24,"column":4},"end":{"line":24,"column":52}},"9":{"start":{"line":25,"column":4},"end":{"line":25,"column":69}},"10":{"start":{"line":33,"column":0},"end":{"line":74,"column":3}},"11":{"start":{"line":34,"column":13},"end":{"line":34,"column":30}},"12":{"start":{"line":35,"column":2},"end":{"line":73,"column":3}},"13":{"start":{"line":36,"column":23},"end":{"line":36,"column":33}},"14":{"start":{"line":38,"column":20},"end":{"line":42,"column":18}},"15":{"start":{"line":44,"column":4},"end":{"line":49,"column":5}},"16":{"start":{"line":45,"column":6},"end":{"line":48,"column":9}},"17":{"start":{"line":52,"column":20},"end":{"line":52,"column":51}},"18":{"start":{"line":53,"column":16},"end":{"line":53,"column":26}},"19":{"start":{"line":54,"column":18},"end":{"line":54,"column":63}},"20":{"start":{"line":57,"column":23},"end":{"line":57,"column":92}},"21":{"start":{"line":58,"column":20},"end":{"line":58,"column":66}},"22":{"start":{"line":59,"column":23},"end":{"line":59,"column":24}},"23":{"start":{"line":60,"column":16},"end":{"line":60,"column":63}},"24":{"start":{"line":62,"column":4},"end":{"line":69,"column":7}},"25":{"start":{"line":71,"column":4},"end":{"line":71,"column":59}},"26":{"start":{"line":72,"column":4},"end":{"line":72,"column":69}},"27":{"start":{"line":80,"column":0},"end":{"line":99,"column":3}},"28":{"start":{"line":81,"column":13},"end":{"line":81,"column":30}},"29":{"start":{"line":82,"column":2},"end":{"line":98,"column":3}},"30":{"start":{"line":83,"column":19},"end":{"line":83,"column":29}},"31":{"start":{"line":85,"column":20},"end":{"line":85,"column":77}},"32":{"start":{"line":87,"column":4},"end":{"line":92,"column":5}},"33":{"start":{"line":88,"column":6},"end":{"line":91,"column":9}},"34":{"start":{"line":94,"column":4},"end":{"line":94,"column":41}},"35":{"start":{"line":96,"column":4},"end":{"line":96,"column":51}},"36":{"start":{"line":97,"column":4},"end":{"line":97,"column":69}},"37":{"start":{"line":105,"column":0},"end":{"line":218,"column":3}},"38":{"start":{"line":106,"column":22},"end":{"line":106,"column":48}},"39":{"start":{"line":107,"column":13},"end":{"line":107,"column":30}},"40":{"start":{"line":109,"column":2},"end":{"line":217,"column":3}},"41":{"start":{"line":120,"column":8},"end":{"line":120,"column":16}},"42":{"start":{"line":122,"column":4},"end":{"line":122,"column":97}},"43":{"start":{"line":125,"column":25},"end":{"line":129,"column":26}},"44":{"start":{"line":131,"column":4},"end":{"line":137,"column":5}},"45":{"start":{"line":132,"column":6},"end":{"line":136,"column":9}},"46":{"start":{"line":140,"column":25},"end":{"line":144,"column":20}},"47":{"start":{"line":146,"column":4},"end":{"line":152,"column":5}},"48":{"start":{"line":147,"column":6},"end":{"line":151,"column":9}},"49":{"start":{"line":155,"column":20},"end":{"line":155,"column":111}},"50":{"start":{"line":158,"column":17},"end":{"line":164,"column":6}},"51":{"start":{"line":166,"column":19},"end":{"line":175,"column":5}},"52":{"start":{"line":177,"column":22},"end":{"line":177,"column":44}},"53":{"start":{"line":180,"column":4},"end":{"line":183,"column":5}},"54":{"start":{"line":181,"column":6},"end":{"line":181,"column":55}},"55":{"start":{"line":182,"column":6},"end":{"line":182,"column":73}},"56":{"start":{"line":185,"column":4},"end":{"line":185,"column":65}},"57":{"start":{"line":188,"column":15},"end":{"line":188,"column":32}},"58":{"start":{"line":189,"column":4},"end":{"line":196,"column":5}},"59":{"start":{"line":190,"column":6},"end":{"line":195,"column":9}},"60":{"start":{"line":198,"column":4},"end":{"line":213,"column":7}},"61":{"start":{"line":215,"column":4},"end":{"line":215,"column":57}},"62":{"start":{"line":216,"column":4},"end":{"line":216,"column":69}},"63":{"start":{"line":224,"column":0},"end":{"line":249,"column":3}},"64":{"start":{"line":225,"column":13},"end":{"line":225,"column":30}},"65":{"start":{"line":226,"column":2},"end":{"line":248,"column":3}},"66":{"start":{"line":227,"column":19},"end":{"line":227,"column":29}},"67":{"start":{"line":228,"column":66},"end":{"line":228,"column":74}},"68":{"start":{"line":230,"column":19},"end":{"line":238,"column":65}},"69":{"start":{"line":240,"column":4},"end":{"line":242,"column":5}},"70":{"start":{"line":241,"column":6},"end":{"line":241,"column":84}},"71":{"start":{"line":244,"column":4},"end":{"line":244,"column":73}},"72":{"start":{"line":246,"column":4},"end":{"line":246,"column":52}},"73":{"start":{"line":247,"column":4},"end":{"line":247,"column":69}},"74":{"start":{"line":255,"column":0},"end":{"line":280,"column":3}},"75":{"start":{"line":256,"column":13},"end":{"line":256,"column":30}},"76":{"start":{"line":257,"column":2},"end":{"line":279,"column":3}},"77":{"start":{"line":258,"column":39},"end":{"line":258,"column":48}},"78":{"start":{"line":260,"column":21},"end":{"line":265,"column":45}},"79":{"start":{"line":267,"column":18},"end":{"line":267,"column":103}},"80":{"start":{"line":269,"column":4},"end":{"line":275,"column":7}},"81":{"start":{"line":277,"column":4},"end":{"line":277,"column":59}},"82":{"start":{"line":278,"column":4},"end":{"line":278,"column":69}},"83":{"start":{"line":282,"column":0},"end":{"line":282,"column":24}}},"fnMap":{"0":{"name":"(anonymous_0)","decl":{"start":{"line":13,"column":16},"end":{"line":13,"column":17}},"loc":{"start":{"line":13,"column":30},"end":{"line":27,"column":1}},"line":13},"1":{"name":"(anonymous_1)","decl":{"start":{"line":33,"column":28},"end":{"line":33,"column":29}},"loc":{"start":{"line":33,"column":42},"end":{"line":74,"column":1}},"line":33},"2":{"name":"(anonymous_2)","decl":{"start":{"line":80,"column":19},"end":{"line":80,"column":20}},"loc":{"start":{"line":80,"column":33},"end":{"line":99,"column":1}},"line":80},"3":{"name":"(anonymous_3)","decl":{"start":{"line":105,"column":51},"end":{"line":105,"column":52}},"loc":{"start":{"line":105,"column":65},"end":{"line":218,"column":1}},"line":105},"4":{"name":"(anonymous_4)","decl":{"start":{"line":224,"column":19},"end":{"line":224,"column":20}},"loc":{"start":{"line":224,"column":33},"end":{"line":249,"column":1}},"line":224},"5":{"name":"(anonymous_5)","decl":{"start":{"line":255,"column":23},"end":{"line":255,"column":24}},"loc":{"start":{"line":255,"column":37},"end":{"line":280,"column":1}},"line":255}},"branchMap":{"0":{"loc":{"start":{"line":44,"column":4},"end":{"line":49,"column":5}},"type":"if","locations":[{"start":{"line":44,"column":4},"end":{"line":49,"column":5}},{"start":{},"end":{}}],"line":44},"1":{"loc":{"start":{"line":58,"column":20},"end":{"line":58,"column":66}},"type":"cond-expr","locations":[{"start":{"line":58,"column":33},"end":{"line":58,"column":61}},{"start":{"line":58,"column":64},"end":{"line":58,"column":66}}],"line":58},"2":{"loc":{"start":{"line":87,"column":4},"end":{"line":92,"column":5}},"type":"if","locations":[{"start":{"line":87,"column":4},"end":{"line":92,"column":5}},{"start":{},"end":{}}],"line":87},"3":{"loc":{"start":{"line":131,"column":4},"end":{"line":137,"column":5}},"type":"if","locations":[{"start":{"line":131,"column":4},"end":{"line":137,"column":5}},{"start":{},"end":{}}],"line":131},"4":{"loc":{"start":{"line":146,"column":4},"end":{"line":152,"column":5}},"type":"if","locations":[{"start":{"line":146,"column":4},"end":{"line":152,"column":5}},{"start":{},"end":{}}],"line":146},"5":{"loc":{"start":{"line":169,"column":6},"end":{"line":169,"column":23}},"type":"binary-expr","locations":[{"start":{"line":169,"column":6},"end":{"line":169,"column":10}},{"start":{"line":169,"column":14},"end":{"line":169,"column":23}}],"line":169},"6":{"loc":{"start":{"line":170,"column":6},"end":{"line":170,"column":24}},"type":"binary-expr","locations":[{"start":{"line":170,"column":6},"end":{"line":170,"column":11}},{"start":{"line":170,"column":15},"end":{"line":170,"column":24}}],"line":170},"7":{"loc":{"start":{"line":171,"column":6},"end":{"line":171,"column":24}},"type":"binary-expr","locations":[{"start":{"line":171,"column":6},"end":{"line":171,"column":11}},{"start":{"line":171,"column":15},"end":{"line":171,"column":24}}],"line":171},"8":{"loc":{"start":{"line":174,"column":6},"end":{"line":174,"column":28}},"type":"binary-expr","locations":[{"start":{"line":174,"column":6},"end":{"line":174,"column":20}},{"start":{"line":174,"column":24},"end":{"line":174,"column":28}}],"line":174},"9":{"loc":{"start":{"line":180,"column":4},"end":{"line":183,"column":5}},"type":"if","locations":[{"start":{"line":180,"column":4},"end":{"line":183,"column":5}},{"start":{},"end":{}}],"line":180},"10":{"loc":{"start":{"line":180,"column":8},"end":{"line":180,"column":31}},"type":"binary-expr","locations":[{"start":{"line":180,"column":8},"end":{"line":180,"column":16}},{"start":{"line":180,"column":20},"end":{"line":180,"column":31}}],"line":180},"11":{"loc":{"start":{"line":189,"column":4},"end":{"line":196,"column":5}},"type":"if","locations":[{"start":{"line":189,"column":4},"end":{"line":196,"column":5}},{"start":{},"end":{}}],"line":189},"12":{"loc":{"start":{"line":206,"column":14},"end":{"line":206,"column":31}},"type":"binary-expr","locations":[{"start":{"line":206,"column":14},"end":{"line":206,"column":18}},{"start":{"line":206,"column":22},"end":{"line":206,"column":31}}],"line":206},"13":{"loc":{"start":{"line":207,"column":15},"end":{"line":207,"column":33}},"type":"binary-expr","locations":[{"start":{"line":207,"column":15},"end":{"line":207,"column":20}},{"start":{"line":207,"column":24},"end":{"line":207,"column":33}}],"line":207},"14":{"loc":{"start":{"line":240,"column":4},"end":{"line":242,"column":5}},"type":"if","locations":[{"start":{"line":240,"column":4},"end":{"line":242,"column":5}},{"start":{},"end":{}}],"line":240},"15":{"loc":{"start":{"line":258,"column":12},"end":{"line":258,"column":22}},"type":"default-arg","locations":[{"start":{"line":258,"column":20},"end":{"line":258,"column":22}}],"line":258},"16":{"loc":{"start":{"line":258,"column":24},"end":{"line":258,"column":34}},"type":"default-arg","locations":[{"start":{"line":258,"column":33},"end":{"line":258,"column":34}}],"line":258}},"s":{"0":6,"1":6,"2":6,"3":6,"4":1,"5":1,"6":1,"7":1,"8":0,"9":0,"10":6,"11":2,"12":2,"13":2,"14":2,"15":2,"16":1,"17":1,"18":1,"19":1,"20":1,"21":1,"22":1,"23":1,"24":1,"25":0,"26":0,"27":6,"28":0,"29":0,"30":0,"31":0,"32":0,"33":0,"34":0,"35":0,"36":0,"37":6,"38":5,"39":5,"40":5,"41":5,"42":5,"43":5,"44":5,"45":1,"46":4,"47":4,"48":0,"49":4,"50":4,"51":4,"52":4,"53":4,"54":4,"55":4,"56":4,"57":4,"58":4,"59":4,"60":4,"61":0,"62":0,"63":6,"64":0,"65":0,"66":0,"67":0,"68":0,"69":0,"70":0,"71":0,"72":0,"73":0,"74":6,"75":0,"76":0,"77":0,"78":0,"79":0,"80":0,"81":0,"82":0,"83":6},"f":{"0":1,"1":2,"2":0,"3":5,"4":0,"5":0},"b":{"0":[1,1],"1":[1,0],"2":[0,0],"3":[1,4],"4":[0,4],"5":[4,3],"6":[4,3],"7":[4,3],"8":[4,4],"9":[4,0],"10":[4,4],"11":[4,0],"12":[4,3],"13":[4,3],"14":[0,0],"15":[0],"16":[0]},"_coverageSchema":"1a1c01bbd47fc00a2c39e90264f33305004495a9","hash":"7fe454e2a29a767d5337457ceef572de9f24d261"}
}
