TN:
SF:src/config/hooks.js
FN:2,(anonymous_0)
FN:7,(anonymous_1)
FN:19,(anonymous_2)
FN:30,(anonymous_3)
FN:39,(anonymous_4)
FN:48,(anonymous_5)
FN:52,(anonymous_6)
FNF:7
FNH:0
FNDA:0,(anonymous_0)
FNDA:0,(anonymous_1)
FNDA:0,(anonymous_2)
FNDA:0,(anonymous_3)
FNDA:0,(anonymous_4)
FNDA:0,(anonymous_5)
FNDA:0,(anonymous_6)
DA:3,0
DA:4,0
DA:9,0
DA:10,0
DA:11,0
DA:12,0
DA:13,0
DA:15,0
DA:20,0
DA:27,0
DA:31,0
DA:36,0
DA:40,0
DA:45,0
DA:49,0
DA:53,0
DA:54,0
DA:58,0
LF:18
LH:0
BRDA:10,0,0,0
BRDA:10,0,1,0
BRDA:27,1,0,0
BRDA:27,1,1,0
BRF:4
BRH:0
end_of_record
TN:
SF:src/middleware/validation.js
FN:11,(anonymous_0)
FN:17,(anonymous_1)
FN:33,(anonymous_2)
FN:39,(anonymous_3)
FN:49,(anonymous_4)
FN:59,(anonymous_5)
FN:212,(anonymous_6)
FNF:7
FNH:3
FNDA:73,(anonymous_0)
FNDA:46,(anonymous_1)
FNDA:0,(anonymous_2)
FNDA:0,(anonymous_3)
FNDA:0,(anonymous_4)
FNDA:0,(anonymous_5)
FNDA:2,(anonymous_6)
DA:5,6
DA:11,6
DA:12,73
DA:13,73
DA:14,27
DA:17,46
DA:23,46
DA:33,6
DA:34,0
DA:39,6
DA:40,0
DA:49,6
DA:50,0
DA:59,6
DA:60,0
DA:67,6
DA:82,6
DA:148,6
DA:213,2
DA:214,1
DA:216,1
DA:259,6
DA:421,6
DA:505,6
DA:559,6
DA:594,6
LF:26
LH:22
BRDA:13,0,0,27
BRDA:13,0,1,46
BRDA:39,1,0,0
BRDA:39,2,0,0
BRDA:49,3,0,0
BRDA:59,4,0,0
BRDA:213,5,0,1
BRDA:213,5,1,1
BRDA:213,6,0,2
BRDA:213,6,1,1
BRF:10
BRH:6
end_of_record
TN:
SF:src/routes/drivers.js
FN:20,hashPassword
FN:30,verifyPassword
FN:46,isLegacyHash
FN:58,(anonymous_3)
FN:134,(anonymous_4)
FN:219,(anonymous_5)
FN:261,(anonymous_6)
FN:310,(anonymous_7)
FN:354,(anonymous_8)
FN:382,(anonymous_9)
FN:409,(anonymous_10)
FN:453,(anonymous_11)
FN:523,(anonymous_12)
FN:587,(anonymous_13)
FN:680,(anonymous_14)
FNF:15
FNH:11
FNDA:4,hashPassword
FNDA:5,verifyPassword
FNDA:1,isLegacyHash
FNDA:3,(anonymous_3)
FNDA:4,(anonymous_4)
FNDA:1,(anonymous_5)
FNDA:2,(anonymous_6)
FNDA:0,(anonymous_7)
FNDA:1,(anonymous_8)
FNDA:0,(anonymous_9)
FNDA:5,(anonymous_10)
FNDA:1,(anonymous_11)
FNDA:1,(anonymous_12)
FNDA:0,(anonymous_13)
FNDA:0,(anonymous_14)
DA:7,6
DA:8,6
DA:9,6
DA:10,6
DA:13,6
DA:21,4
DA:32,5
DA:33,0
DA:34,0
DA:35,0
DA:38,5
DA:47,1
DA:58,6
DA:59,3
DA:70,3
DA:72,3
DA:74,3
DA:78,3
DA:79,0
DA:86,3
DA:87,3
DA:90,3
DA:98,3
DA:112,3
DA:114,3
DA:121,0
DA:122,0
DA:134,6
DA:135,4
DA:136,4
DA:138,4
DA:140,4
DA:146,4
DA:147,1
DA:154,3
DA:155,1
DA:162,2
DA:163,1
DA:170,1
DA:171,0
DA:172,0
DA:173,0
DA:177,1
DA:178,1
DA:182,1
DA:183,1
DA:184,1
DA:191,1
DA:193,1
DA:206,0
DA:207,0
DA:219,6
DA:220,1
DA:221,1
DA:223,1
DA:224,1
DA:227,1
DA:228,0
DA:235,1
DA:236,1
DA:237,1
DA:240,1
DA:242,1
DA:248,0
DA:249,0
DA:261,6
DA:262,2
DA:263,2
DA:264,2
DA:266,2
DA:268,2
DA:270,2
DA:271,0
DA:278,2
DA:279,1
DA:286,1
DA:287,1
DA:289,1
DA:291,1
DA:297,0
DA:298,0
DA:310,6
DA:311,0
DA:312,0
DA:313,0
DA:315,0
DA:316,0
DA:318,0
DA:319,0
DA:326,0
DA:327,0
DA:329,0
DA:331,0
DA:337,0
DA:338,0
DA:354,6
DA:355,1
DA:357,1
DA:358,1
DA:366,1
DA:369,0
DA:370,0
DA:382,6
DA:383,0
DA:385,0
DA:386,0
DA:393,0
DA:396,0
DA:397,0
DA:409,6
DA:410,5
DA:411,5
DA:414,5
DA:415,0
DA:421,5
DA:422,5
DA:430,5
DA:431,4
DA:437,1
DA:440,0
DA:441,0
DA:453,6
DA:454,1
DA:455,1
DA:465,1
DA:467,1
DA:469,1
DA:470,1
DA:471,0
DA:477,1
DA:490,1
DA:502,1
DA:504,1
DA:510,0
DA:511,0
DA:523,6
DA:524,1
DA:525,1
DA:527,1
DA:529,1
DA:536,1
DA:537,0
DA:544,1
DA:547,1
DA:554,1
DA:556,1
DA:557,0
DA:563,1
DA:565,1
DA:571,0
DA:572,0
DA:587,6
DA:588,0
DA:589,0
DA:591,0
DA:592,0
DA:595,0
DA:604,0
DA:613,0
DA:620,0
DA:628,0
DA:636,0
DA:646,0
DA:667,0
DA:668,0
DA:680,6
DA:681,0
DA:682,0
DA:683,0
DA:685,0
DA:686,0
DA:705,0
DA:711,0
DA:720,0
DA:721,0
DA:729,6
LF:176
LH:106
BRDA:32,0,0,0
BRDA:32,0,1,5
BRDA:32,1,0,5
BRDA:32,1,1,5
BRDA:32,1,2,0
BRDA:47,2,0,1
BRDA:47,2,1,1
BRDA:47,2,2,0
BRDA:78,3,0,0
BRDA:78,3,1,3
BRDA:103,4,0,3
BRDA:103,4,1,1
BRDA:104,5,0,3
BRDA:104,5,1,3
BRDA:105,6,0,3
BRDA:105,6,1,3
BRDA:106,7,0,3
BRDA:106,7,1,3
BRDA:107,8,0,3
BRDA:107,8,1,3
BRDA:146,9,0,1
BRDA:146,9,1,3
BRDA:154,10,0,1
BRDA:154,10,1,2
BRDA:162,11,0,1
BRDA:162,11,1,1
BRDA:162,12,0,2
BRDA:162,12,1,1
BRDA:170,13,0,0
BRDA:170,13,1,1
BRDA:183,14,0,1
BRDA:183,14,1,0
BRDA:227,15,0,0
BRDA:227,15,1,1
BRDA:236,16,0,1
BRDA:236,16,1,0
BRDA:270,17,0,0
BRDA:270,17,1,2
BRDA:278,18,0,1
BRDA:278,18,1,1
BRDA:318,19,0,0
BRDA:318,19,1,0
BRDA:414,20,0,0
BRDA:414,20,1,5
BRDA:430,21,0,4
BRDA:430,21,1,1
BRDA:470,22,0,0
BRDA:470,22,1,1
BRDA:491,23,0,1
BRDA:491,23,1,0
BRDA:492,24,0,1
BRDA:492,24,1,0
BRDA:493,25,0,1
BRDA:493,25,1,1
BRDA:494,26,0,1
BRDA:494,26,1,1
BRDA:495,27,0,1
BRDA:495,27,1,1
BRDA:496,28,0,1
BRDA:496,28,1,1
BRDA:497,29,0,1
BRDA:497,29,1,1
BRDA:498,30,0,1
BRDA:498,30,1,1
BRDA:536,31,0,0
BRDA:536,31,1,1
BRDA:556,32,0,0
BRDA:556,32,1,1
BRDA:563,33,0,1
BRDA:563,33,1,0
BRDA:650,34,0,0
BRDA:650,34,1,0
BRDA:651,35,0,0
BRDA:651,35,1,0
BRDA:654,36,0,0
BRDA:654,36,1,0
BRDA:655,37,0,0
BRDA:655,37,1,0
BRDA:658,38,0,0
BRDA:658,38,1,0
BRDA:659,39,0,0
BRDA:659,39,1,0
BRDA:660,40,0,0
BRDA:660,40,1,0
BRDA:683,41,0,0
BRDA:683,42,0,0
BRDA:714,43,0,0
BRDA:714,43,1,0
BRF:88
BRH:52
end_of_record
TN:
SF:src/routes/hooks.js
FN:4,(anonymous_0)
FN:18,(anonymous_1)
FN:29,(anonymous_2)
FN:43,(anonymous_3)
FNF:4
FNH:0
FNDA:0,(anonymous_0)
FNDA:0,(anonymous_1)
FNDA:0,(anonymous_2)
FNDA:0,(anonymous_3)
DA:1,6
DA:2,6
DA:4,6
DA:5,0
DA:6,0
DA:7,0
DA:8,0
DA:9,0
DA:11,0
DA:13,0
DA:14,0
DA:18,6
DA:19,0
DA:20,0
DA:21,0
DA:22,0
DA:23,0
DA:25,0
DA:29,6
DA:30,0
DA:31,0
DA:32,0
DA:33,0
DA:35,0
DA:36,0
DA:37,0
DA:39,0
DA:43,6
DA:44,0
DA:45,0
DA:46,0
DA:47,0
DA:49,0
DA:53,6
LF:34
LH:7
BRDA:8,0,0,0
BRDA:8,0,1,0
BRDA:32,1,0,0
BRDA:32,1,1,0
BRDA:32,2,0,0
BRDA:32,2,1,0
BRF:6
BRH:0
end_of_record
TN:
SF:src/routes/index.js
FN:20,(anonymous_0)
FN:33,(anonymous_1)
FN:58,(anonymous_2)
FN:103,(anonymous_3)
FN:109,(anonymous_4)
FN:124,(anonymous_5)
FN:155,(anonymous_6)
FN:161,(anonymous_7)
FN:178,(anonymous_8)
FN:184,(anonymous_9)
FN:201,(anonymous_10)
FN:207,(anonymous_11)
FN:213,(anonymous_12)
FN:219,(anonymous_13)
FN:225,(anonymous_14)
FN:231,(anonymous_15)
FN:237,(anonymous_16)
FN:243,(anonymous_17)
FN:262,(anonymous_18)
FN:281,(anonymous_19)
FN:299,(anonymous_20)
FN:318,(anonymous_21)
FN:358,(anonymous_22)
FN:379,(anonymous_23)
FN:401,(anonymous_24)
FN:419,(anonymous_25)
FN:443,(anonymous_26)
FN:472,(anonymous_27)
FN:502,(anonymous_28)
FN:540,(anonymous_29)
FN:552,(anonymous_30)
FNF:31
FNH:3
FNDA:1,(anonymous_0)
FNDA:1,(anonymous_1)
FNDA:1,(anonymous_2)
FNDA:0,(anonymous_3)
FNDA:0,(anonymous_4)
FNDA:0,(anonymous_5)
FNDA:0,(anonymous_6)
FNDA:0,(anonymous_7)
FNDA:0,(anonymous_8)
FNDA:0,(anonymous_9)
FNDA:0,(anonymous_10)
FNDA:0,(anonymous_11)
FNDA:0,(anonymous_12)
FNDA:0,(anonymous_13)
FNDA:0,(anonymous_14)
FNDA:0,(anonymous_15)
FNDA:0,(anonymous_16)
FNDA:0,(anonymous_17)
FNDA:0,(anonymous_18)
FNDA:0,(anonymous_19)
FNDA:0,(anonymous_20)
FNDA:0,(anonymous_21)
FNDA:0,(anonymous_22)
FNDA:0,(anonymous_23)
FNDA:0,(anonymous_24)
FNDA:0,(anonymous_25)
FNDA:0,(anonymous_26)
FNDA:0,(anonymous_27)
FNDA:0,(anonymous_28)
FNDA:0,(anonymous_29)
FNDA:0,(anonymous_30)
DA:5,6
DA:6,6
DA:9,6
DA:10,6
DA:11,6
DA:12,6
DA:13,6
DA:14,6
DA:20,6
DA:21,1
DA:33,6
DA:34,1
DA:35,1
DA:36,1
DA:37,1
DA:38,1
DA:39,1
DA:41,1
DA:49,0
DA:50,0
DA:58,6
DA:59,1
DA:60,1
DA:62,1
DA:63,1
DA:64,1
DA:65,1
DA:66,1
DA:71,0
DA:77,0
DA:79,0
DA:84,0
DA:85,0
DA:90,6
DA:91,6
DA:92,6
DA:93,6
DA:94,6
DA:95,6
DA:103,6
DA:104,0
DA:105,0
DA:109,6
DA:110,0
DA:111,0
DA:112,0
DA:117,0
DA:119,0
DA:124,6
DA:125,0
DA:126,0
DA:127,0
DA:128,0
DA:133,0
DA:134,0
DA:140,0
DA:141,0
DA:142,0
DA:143,0
DA:145,0
DA:150,0
DA:155,6
DA:156,0
DA:157,0
DA:161,6
DA:162,0
DA:163,0
DA:164,0
DA:171,0
DA:173,0
DA:178,6
DA:179,0
DA:180,0
DA:184,6
DA:185,0
DA:186,0
DA:187,0
DA:194,0
DA:196,0
DA:201,6
DA:202,0
DA:203,0
DA:207,6
DA:208,0
DA:209,0
DA:213,6
DA:214,0
DA:215,0
DA:219,6
DA:220,0
DA:221,0
DA:225,6
DA:226,0
DA:227,0
DA:231,6
DA:232,0
DA:233,0
DA:237,6
DA:239,0
DA:243,6
DA:244,0
DA:245,0
DA:246,0
DA:247,0
DA:249,0
DA:255,0
DA:257,0
DA:262,6
DA:263,0
DA:264,0
DA:265,0
DA:266,0
DA:268,0
DA:274,0
DA:276,0
DA:281,6
DA:282,0
DA:283,0
DA:284,0
DA:286,0
DA:292,0
DA:294,0
DA:299,6
DA:300,0
DA:301,0
DA:302,0
DA:303,0
DA:305,0
DA:311,0
DA:313,0
DA:318,6
DA:319,0
DA:320,0
DA:322,0
DA:323,0
DA:325,0
DA:332,0
DA:333,0
DA:336,0
DA:342,0
DA:347,0
DA:348,0
DA:351,0
DA:353,0
DA:358,6
DA:359,0
DA:360,0
DA:361,0
DA:368,0
DA:369,0
DA:372,0
DA:374,0
DA:379,6
DA:380,0
DA:381,0
DA:382,0
DA:390,0
DA:391,0
DA:394,0
DA:396,0
DA:401,6
DA:402,0
DA:403,0
DA:404,0
DA:406,0
DA:412,0
DA:414,0
DA:419,6
DA:420,0
DA:421,0
DA:423,0
DA:424,0
DA:426,0
DA:427,0
DA:429,0
DA:436,0
DA:438,0
DA:443,6
DA:444,0
DA:445,0
DA:446,0
DA:447,0
DA:449,0
DA:454,0
DA:459,0
DA:468,0
DA:472,6
DA:473,0
DA:474,0
DA:475,0
DA:476,0
DA:478,0
DA:483,0
DA:488,0
DA:497,0
DA:502,6
DA:503,0
DA:504,0
DA:505,0
DA:507,0
DA:508,0
DA:510,0
DA:511,0
DA:513,0
DA:523,0
DA:525,0
DA:535,0
DA:540,6
DA:541,0
DA:542,0
DA:544,0
DA:545,0
DA:546,0
DA:548,0
DA:552,6
DA:553,0
DA:554,0
DA:556,0
DA:557,0
DA:559,0
DA:560,0
DA:561,0
DA:564,0
DA:566,0
DA:570,6
LF:225
LH:61
BRDA:43,0,0,1
BRDA:43,0,1,1
BRDA:44,1,0,1
BRDA:44,1,1,1
BRDA:45,2,0,1
BRDA:45,2,1,1
BRDA:46,3,0,1
BRDA:46,3,1,1
BRDA:63,4,0,1
BRDA:63,4,1,0
BRDA:65,5,0,1
BRDA:65,5,1,0
BRDA:133,6,0,0
BRDA:133,6,1,0
BRDA:309,7,0,0
BRDA:309,7,1,0
BRDA:332,8,0,0
BRDA:332,8,1,0
BRDA:347,9,0,0
BRDA:347,9,1,0
BRDA:347,10,0,0
BRDA:347,10,1,0
BRDA:368,11,0,0
BRDA:368,11,1,0
BRDA:390,12,0,0
BRDA:390,12,1,0
BRDA:426,13,0,0
BRDA:426,13,1,0
BRDA:462,14,0,0
BRDA:462,14,1,0
BRDA:463,15,0,0
BRDA:463,15,1,0
BRDA:491,16,0,0
BRDA:491,16,1,0
BRDA:492,17,0,0
BRDA:492,17,1,0
BRDA:505,18,0,0
BRDA:505,18,1,0
BRDA:510,19,0,0
BRDA:510,19,1,0
BRDA:517,20,0,0
BRDA:517,20,1,0
BRDA:560,21,0,0
BRDA:560,21,1,0
BRF:44
BRH:10
end_of_record
TN:
SF:src/routes/payment.js
FN:13,(anonymous_0)
FN:71,(anonymous_1)
FN:85,(anonymous_2)
FN:113,(anonymous_3)
FN:188,(anonymous_4)
FN:233,(anonymous_5)
FN:304,(anonymous_6)
FNF:7
FNH:5
FNDA:1,(anonymous_0)
FNDA:0,(anonymous_1)
FNDA:0,(anonymous_2)
FNDA:3,(anonymous_3)
FNDA:1,(anonymous_4)
FNDA:3,(anonymous_5)
FNDA:2,(anonymous_6)
DA:5,6
DA:6,6
DA:7,6
DA:13,6
DA:14,1
DA:15,1
DA:17,1
DA:25,1
DA:26,1
DA:27,1
DA:28,1
DA:29,1
DA:31,1
DA:32,1
DA:33,1
DA:34,1
DA:35,1
DA:37,1
DA:50,0
DA:52,0
DA:71,6
DA:72,0
DA:73,0
DA:74,0
DA:77,0
DA:85,0
DA:86,0
DA:87,0
DA:95,0
DA:96,0
DA:97,0
DA:98,0
DA:99,0
DA:101,0
DA:102,0
DA:104,0
DA:105,0
DA:113,6
DA:114,3
DA:115,3
DA:116,3
DA:118,3
DA:121,3
DA:122,3
DA:123,2
DA:135,1
DA:136,1
DA:139,1
DA:148,1
DA:150,1
DA:151,0
DA:157,1
DA:160,1
DA:161,1
DA:162,1
DA:170,1
DA:179,0
DA:180,0
DA:188,6
DA:189,1
DA:190,1
DA:191,1
DA:193,1
DA:202,1
DA:203,0
DA:209,1
DA:212,1
DA:213,1
DA:214,1
DA:217,1
DA:224,0
DA:225,0
DA:233,6
DA:234,3
DA:235,3
DA:236,3
DA:237,3
DA:240,3
DA:244,3
DA:245,1
DA:252,2
DA:253,2
DA:254,2
DA:255,2
DA:256,2
DA:258,2
DA:259,2
DA:260,2
DA:261,2
DA:262,2
DA:265,2
DA:266,2
DA:267,2
DA:270,2
DA:271,2
DA:272,0
DA:274,2
DA:275,1
DA:277,2
DA:278,0
DA:281,2
DA:295,0
DA:296,0
DA:304,6
DA:305,2
DA:306,2
DA:307,2
DA:309,2
DA:326,2
DA:328,2
DA:329,0
DA:330,0
DA:333,2
DA:334,0
DA:335,0
DA:338,2
DA:339,2
DA:341,2
DA:344,2
DA:349,2
DA:351,2
DA:352,0
DA:353,0
DA:355,2
DA:356,0
DA:357,0
DA:360,2
DA:362,2
DA:370,0
DA:371,0
DA:375,6
LF:131
LH:93
BRDA:31,0,0,1
BRDA:31,0,1,0
BRDA:32,1,0,1
BRDA:32,1,1,0
BRDA:33,2,0,1
BRDA:33,2,1,0
BRDA:34,3,0,1
BRDA:34,3,1,0
BRDA:35,4,0,1
BRDA:35,4,1,0
BRDA:86,5,0,0
BRDA:86,5,1,0
BRDA:95,6,0,0
BRDA:95,6,1,0
BRDA:122,7,0,2
BRDA:122,7,1,1
BRDA:136,8,0,1
BRDA:136,8,1,0
BRDA:136,9,0,1
BRDA:136,9,1,0
BRDA:148,10,0,1
BRDA:148,10,1,0
BRDA:148,11,0,1
BRDA:148,11,1,0
BRDA:150,12,0,0
BRDA:150,12,1,1
BRDA:161,13,0,1
BRDA:161,13,1,0
BRDA:174,14,0,1
BRDA:174,14,1,0
BRDA:175,15,0,1
BRDA:175,15,1,0
BRDA:200,16,0,1
BRDA:200,16,1,0
BRDA:200,17,0,1
BRDA:200,17,1,0
BRDA:202,18,0,0
BRDA:202,18,1,1
BRDA:213,19,0,1
BRDA:213,19,1,0
BRDA:220,20,0,1
BRDA:220,20,1,0
BRDA:221,21,0,1
BRDA:221,21,1,0
BRDA:244,22,0,1
BRDA:244,22,1,2
BRDA:258,23,0,2
BRDA:258,23,1,0
BRDA:259,24,0,2
BRDA:259,24,1,0
BRDA:260,25,0,2
BRDA:260,25,1,0
BRDA:261,26,0,2
BRDA:261,26,1,0
BRDA:262,27,0,2
BRDA:262,27,1,0
BRDA:271,28,0,0
BRDA:271,28,1,2
BRDA:274,29,0,1
BRDA:274,29,1,1
BRDA:277,30,0,0
BRDA:277,30,1,2
BRDA:288,31,0,0
BRDA:288,31,1,2
BRDA:289,32,0,1
BRDA:289,32,1,1
BRDA:290,33,0,0
BRDA:290,33,1,2
BRDA:307,34,0,1
BRDA:307,35,0,1
BRDA:328,36,0,0
BRDA:328,36,1,2
BRDA:333,37,0,0
BRDA:333,37,1,2
BRDA:351,38,0,0
BRDA:351,38,1,2
BRDA:355,39,0,0
BRDA:355,39,1,2
BRF:78
BRH:42
end_of_record
TN:
SF:src/routes/retrieval.js
FN:13,(anonymous_0)
FN:100,(anonymous_1)
FN:130,(anonymous_2)
FN:160,(anonymous_3)
FN:200,(anonymous_4)
FN:238,(anonymous_5)
FN:263,(anonymous_6)
FN:327,(anonymous_7)
FN:396,(anonymous_8)
FN:420,(anonymous_9)
FN:446,(anonymous_10)
FN:484,(anonymous_11)
FNF:12
FNH:8
FNDA:5,(anonymous_0)
FNDA:2,(anonymous_1)
FNDA:1,(anonymous_2)
FNDA:1,(anonymous_3)
FNDA:1,(anonymous_4)
FNDA:0,(anonymous_5)
FNDA:1,(anonymous_6)
FNDA:1,(anonymous_7)
FNDA:5,(anonymous_8)
FNDA:0,(anonymous_9)
FNDA:0,(anonymous_10)
FNDA:0,(anonymous_11)
DA:5,6
DA:6,6
DA:7,6
DA:13,6
DA:14,5
DA:15,5
DA:16,5
DA:18,5
DA:21,5
DA:26,5
DA:27,1
DA:34,4
DA:40,4
DA:41,1
DA:52,3
DA:53,3
DA:55,3
DA:56,3
DA:57,3
DA:60,3
DA:67,3
DA:68,3
DA:70,3
DA:73,3
DA:74,3
DA:75,3
DA:83,3
DA:91,0
DA:92,0
DA:100,6
DA:101,2
DA:102,2
DA:103,2
DA:119,2
DA:121,0
DA:122,0
DA:130,6
DA:131,1
DA:132,1
DA:133,1
DA:149,1
DA:151,0
DA:152,0
DA:160,6
DA:161,1
DA:162,1
DA:163,1
DA:164,1
DA:166,1
DA:174,1
DA:175,0
DA:181,1
DA:184,1
DA:185,1
DA:186,1
DA:189,1
DA:191,0
DA:192,0
DA:200,6
DA:201,1
DA:202,1
DA:203,1
DA:205,1
DA:212,1
DA:213,0
DA:219,1
DA:222,1
DA:223,1
DA:224,1
DA:227,1
DA:229,0
DA:230,0
DA:238,6
DA:239,0
DA:240,0
DA:241,0
DA:242,0
DA:244,0
DA:251,0
DA:252,0
DA:254,0
DA:255,0
DA:263,6
DA:264,1
DA:265,1
DA:267,1
DA:268,1
DA:271,1
DA:278,1
DA:279,0
DA:286,1
DA:295,1
DA:303,1
DA:304,1
DA:305,1
DA:308,1
DA:311,1
DA:312,1
DA:313,1
DA:316,1
DA:318,0
DA:319,0
DA:327,6
DA:328,1
DA:329,1
DA:331,1
DA:332,1
DA:334,1
DA:338,1
DA:339,1
DA:341,0
DA:342,0
DA:343,0
DA:347,1
DA:348,0
DA:352,1
DA:360,1
DA:369,1
DA:370,1
DA:371,1
DA:374,1
DA:377,1
DA:378,1
DA:379,1
DA:385,1
DA:387,0
DA:388,0
DA:396,6
DA:397,5
DA:398,5
DA:399,5
DA:400,5
DA:402,5
DA:408,5
DA:409,5
DA:411,0
DA:412,0
DA:420,6
DA:421,0
DA:422,0
DA:423,0
DA:424,0
DA:426,0
DA:434,0
DA:435,0
DA:437,0
DA:438,0
DA:446,6
DA:447,0
DA:448,0
DA:449,0
DA:451,0
DA:466,0
DA:467,0
DA:473,0
DA:475,0
DA:476,0
DA:484,6
DA:485,0
DA:486,0
DA:487,0
DA:489,0
DA:496,0
DA:497,0
DA:503,0
DA:506,0
DA:507,0
DA:508,0
DA:511,0
DA:513,0
DA:514,0
DA:518,6
LF:172
LH:109
BRDA:26,0,0,1
BRDA:26,0,1,4
BRDA:40,1,0,1
BRDA:40,1,1,3
BRDA:55,2,0,3
BRDA:55,2,1,0
BRDA:56,3,0,3
BRDA:56,3,1,0
BRDA:57,4,0,1
BRDA:57,4,1,2
BRDA:67,5,0,1
BRDA:67,5,1,2
BRDA:74,6,0,3
BRDA:74,6,1,0
BRDA:78,7,0,1
BRDA:78,7,1,2
BRDA:174,8,0,0
BRDA:174,8,1,1
BRDA:185,9,0,1
BRDA:185,9,1,0
BRDA:212,10,0,0
BRDA:212,10,1,1
BRDA:223,11,0,1
BRDA:223,11,1,0
BRDA:278,12,0,0
BRDA:278,12,1,1
BRDA:303,13,0,1
BRDA:303,13,1,0
BRDA:303,14,0,1
BRDA:303,14,1,1
BRDA:312,15,0,1
BRDA:312,15,1,0
BRDA:338,16,0,1
BRDA:338,16,1,0
BRDA:342,17,0,0
BRDA:342,17,1,0
BRDA:347,18,0,0
BRDA:347,18,1,1
BRDA:369,19,0,1
BRDA:369,19,1,0
BRDA:369,20,0,1
BRDA:369,20,1,1
BRDA:378,21,0,1
BRDA:378,21,1,0
BRDA:432,22,0,0
BRDA:432,22,1,0
BRDA:466,23,0,0
BRDA:466,23,1,0
BRDA:496,24,0,0
BRDA:496,24,1,0
BRDA:507,25,0,0
BRDA:507,25,1,0
BRF:52
BRH:28
end_of_record
TN:
SF:src/routes/station.js
FN:13,(anonymous_0)
FN:67,(anonymous_1)
FN:104,(anonymous_2)
FN:144,(anonymous_3)
FN:234,(anonymous_4)
FN:317,(anonymous_5)
FN:348,(anonymous_6)
FN:395,(anonymous_7)
FN:409,(anonymous_8)
FN:436,(anonymous_9)
FN:509,(anonymous_10)
FNF:11
FNH:9
FNDA:1,(anonymous_0)
FNDA:1,(anonymous_1)
FNDA:1,(anonymous_2)
FNDA:2,(anonymous_3)
FNDA:2,(anonymous_4)
FNDA:0,(anonymous_5)
FNDA:2,(anonymous_6)
FNDA:2,(anonymous_7)
FNDA:10,(anonymous_8)
FNDA:3,(anonymous_9)
FNDA:0,(anonymous_10)
DA:5,6
DA:6,6
DA:7,6
DA:13,6
DA:14,1
DA:15,1
DA:17,1
DA:20,1
DA:26,1
DA:32,1
DA:35,1
DA:41,1
DA:42,1
DA:43,1
DA:45,1
DA:58,0
DA:59,0
DA:67,6
DA:68,1
DA:69,1
DA:70,1
DA:73,1
DA:83,1
DA:93,1
DA:95,0
DA:96,0
DA:104,6
DA:105,1
DA:106,1
DA:107,1
DA:108,1
DA:110,1
DA:118,1
DA:119,1
DA:125,0
DA:128,0
DA:129,0
DA:130,0
DA:133,0
DA:135,0
DA:136,0
DA:144,6
DA:145,2
DA:146,2
DA:147,2
DA:148,2
DA:151,2
DA:156,2
DA:162,2
DA:167,2
DA:174,2
DA:181,2
DA:188,2
DA:192,2
DA:197,2
DA:207,2
DA:225,0
DA:226,0
DA:234,6
DA:235,2
DA:236,2
DA:237,2
DA:238,2
DA:239,2
DA:242,2
DA:258,2
DA:259,2
DA:260,1
DA:267,1
DA:268,1
DA:269,1
DA:270,1
DA:271,1
DA:274,1
DA:293,1
DA:295,1
DA:308,0
DA:309,0
DA:317,6
DA:318,0
DA:319,0
DA:320,0
DA:323,0
DA:327,0
DA:328,0
DA:331,0
DA:337,0
DA:339,0
DA:340,0
DA:348,6
DA:349,2
DA:350,2
DA:352,2
DA:360,2
DA:361,2
DA:362,2
DA:363,2
DA:364,2
DA:366,2
DA:377,0
DA:378,0
DA:395,6
DA:396,2
DA:397,2
DA:398,2
DA:401,2
DA:409,2
DA:410,10
DA:411,9
DA:418,2
DA:419,2
DA:420,2
DA:421,2
DA:422,2
DA:424,2
DA:425,2
DA:427,0
DA:428,0
DA:436,6
DA:437,3
DA:438,3
DA:439,3
DA:442,3
DA:443,3
DA:446,3
DA:452,3
DA:458,3
DA:465,3
DA:476,3
DA:481,3
DA:486,3
DA:491,3
DA:496,3
DA:506,3
DA:507,3
DA:509,3
DA:510,0
DA:511,0
DA:512,0
DA:513,0
DA:514,0
DA:517,3
DA:524,3
DA:542,0
DA:543,0
DA:547,6
LF:146
LH:110
BRDA:48,0,0,1
BRDA:48,0,1,1
BRDA:49,1,0,1
BRDA:49,1,1,1
BRDA:50,2,0,1
BRDA:50,2,1,1
BRDA:51,3,0,1
BRDA:51,3,1,1
BRDA:52,4,0,1
BRDA:52,4,1,1
BRDA:53,5,0,1
BRDA:53,5,1,1
BRDA:54,6,0,1
BRDA:54,6,1,1
BRDA:116,7,0,1
BRDA:116,7,1,0
BRDA:118,8,0,1
BRDA:118,8,1,0
BRDA:129,9,0,0
BRDA:129,9,1,0
BRDA:148,10,0,2
BRDA:148,10,1,1
BRDA:192,11,0,0
BRDA:192,11,1,2
BRDA:211,12,0,2
BRDA:211,12,1,2
BRDA:212,13,0,2
BRDA:212,13,1,2
BRDA:213,14,0,2
BRDA:213,14,1,2
BRDA:215,15,0,2
BRDA:215,15,1,2
BRDA:216,16,0,2
BRDA:216,16,1,2
BRDA:217,17,0,2
BRDA:217,17,1,2
BRDA:218,18,0,2
BRDA:218,18,1,2
BRDA:219,19,0,2
BRDA:219,19,1,2
BRDA:219,20,0,2
BRDA:219,20,1,2
BRDA:220,21,0,2
BRDA:220,21,1,2
BRDA:221,22,0,0
BRDA:221,22,1,2
BRDA:259,23,0,1
BRDA:259,23,1,1
BRDA:283,24,0,1
BRDA:283,24,1,0
BRDA:284,25,0,1
BRDA:284,25,1,1
BRDA:285,26,0,1
BRDA:285,26,1,1
BRDA:286,27,0,1
BRDA:286,27,1,1
BRDA:287,28,0,1
BRDA:287,28,1,1
BRDA:287,29,0,1
BRDA:287,29,1,1
BRDA:288,30,0,1
BRDA:288,30,1,1
BRDA:289,31,0,1
BRDA:289,31,1,0
BRDA:301,32,0,1
BRDA:301,32,1,0
BRDA:302,33,0,1
BRDA:302,33,1,1
BRDA:303,34,0,1
BRDA:303,34,1,1
BRDA:303,35,0,1
BRDA:303,35,1,1
BRDA:304,36,0,1
BRDA:304,36,1,1
BRDA:320,37,0,0
BRDA:327,38,0,0
BRDA:327,38,1,0
BRDA:369,39,0,2
BRDA:369,39,1,0
BRDA:370,40,0,2
BRDA:370,40,1,0
BRDA:371,41,0,2
BRDA:371,41,1,0
BRDA:372,42,0,2
BRDA:372,42,1,0
BRDA:373,43,0,2
BRDA:373,43,1,0
BRDA:410,44,0,9
BRDA:410,44,1,1
BRDA:442,45,0,3
BRDA:442,45,1,1
BRDA:443,46,0,3
BRDA:443,46,1,1
BRDA:491,47,0,0
BRDA:491,47,1,3
BRDA:511,48,0,0
BRDA:511,48,1,0
BRDA:511,49,0,0
BRDA:511,49,1,0
BRDA:512,50,0,0
BRDA:512,50,1,0
BRDA:512,51,0,0
BRDA:512,51,1,0
BRDA:513,52,0,0
BRDA:513,52,1,0
BRDA:513,53,0,0
BRDA:513,53,1,0
BRDA:514,54,0,0
BRDA:514,54,1,0
BRDA:514,55,0,0
BRDA:514,55,1,0
BRDA:517,56,0,0
BRDA:517,56,1,3
BRDA:528,57,0,3
BRDA:528,57,1,3
BRDA:529,58,0,3
BRDA:529,58,1,3
BRDA:530,59,0,3
BRDA:530,59,1,3
BRDA:530,60,0,3
BRDA:530,60,1,3
BRDA:532,61,0,3
BRDA:532,61,1,3
BRDA:533,62,0,3
BRDA:533,62,1,3
BRDA:535,63,0,3
BRDA:535,63,1,3
BRDA:536,64,0,3
BRDA:536,64,1,3
BRF:129
BRH:94
end_of_record
TN:
SF:src/routes/vehicles.js
FN:13,(anonymous_0)
FN:33,(anonymous_1)
FN:80,(anonymous_2)
FN:105,(anonymous_3)
FN:224,(anonymous_4)
FN:255,(anonymous_5)
FNF:6
FNH:3
FNDA:1,(anonymous_0)
FNDA:2,(anonymous_1)
FNDA:0,(anonymous_2)
FNDA:5,(anonymous_3)
FNDA:0,(anonymous_4)
FNDA:0,(anonymous_5)
DA:5,6
DA:6,6
DA:7,6
DA:13,6
DA:14,1
DA:15,1
DA:16,1
DA:22,1
DA:24,0
DA:25,0
DA:33,6
DA:34,2
DA:35,2
DA:36,2
DA:38,2
DA:44,2
DA:45,1
DA:52,1
DA:53,1
DA:54,1
DA:57,1
DA:58,1
DA:59,1
DA:60,1
DA:62,1
DA:71,0
DA:72,0
DA:80,6
DA:81,0
DA:82,0
DA:83,0
DA:85,0
DA:87,0
DA:88,0
DA:94,0
DA:96,0
DA:97,0
DA:105,6
DA:106,5
DA:107,5
DA:109,5
DA:120,5
DA:122,5
DA:125,5
DA:131,5
DA:132,1
DA:140,4
DA:146,4
DA:147,0
DA:155,4
DA:158,4
DA:166,4
DA:177,4
DA:180,4
DA:181,4
DA:182,4
DA:185,4
DA:188,4
DA:189,4
DA:190,4
DA:198,4
DA:215,0
DA:216,0
DA:224,6
DA:225,0
DA:226,0
DA:227,0
DA:228,0
DA:230,0
DA:240,0
DA:241,0
DA:244,0
DA:246,0
DA:247,0
DA:255,6
DA:256,0
DA:257,0
DA:258,0
DA:260,0
DA:267,0
DA:269,0
DA:277,0
DA:278,0
DA:282,6
LF:84
LH:50
BRDA:44,0,0,1
BRDA:44,0,1,1
BRDA:58,1,0,1
BRDA:58,1,1,0
BRDA:87,2,0,0
BRDA:87,2,1,0
BRDA:131,3,0,1
BRDA:131,3,1,4
BRDA:146,4,0,0
BRDA:146,4,1,4
BRDA:169,5,0,4
BRDA:169,5,1,3
BRDA:170,6,0,4
BRDA:170,6,1,3
BRDA:171,7,0,4
BRDA:171,7,1,3
BRDA:174,8,0,4
BRDA:174,8,1,4
BRDA:180,9,0,4
BRDA:180,9,1,0
BRDA:180,10,0,4
BRDA:180,10,1,4
BRDA:189,11,0,4
BRDA:189,11,1,0
BRDA:206,12,0,4
BRDA:206,12,1,3
BRDA:207,13,0,4
BRDA:207,13,1,3
BRDA:240,14,0,0
BRDA:240,14,1,0
BRDA:258,15,0,0
BRDA:258,16,0,0
BRF:32
BRH:22
end_of_record
